<?xml version="1.0" encoding="UTF-8"?>
<TestRun id="136e64e8-7afc-4b67-b015-13393787fee1" name="Gary@GARYSTOREY36B9 2015-04-26 14:09:59" runUser="GARYSTOREY36B9\Gary" xmlns="http://microsoft.com/schemas/VisualStudio/TeamTest/2010">
  <TestSettings name="Local" id="f9872536-3300-45e2-8d5a-1d6d5e11baff">
    <Description>These are default test settings for a local test run.</Description>
    <Deployment enabled="false" runDeploymentRoot="Gary_GARYSTOREY36B9 2015-04-26 14_09_59">
      <DeploymentItem filename="C:\CM0721\OrderMgt\packages\Moq.4.2.1502.0911\lib\net40\Moq.dll" />
      <DeploymentItem filename="C:\CM0721\OrderMgt\bin\Debug\OrderMgt.exe" />
    </Deployment>
    <Execution>
      <TestTypeSpecific />
      <AgentRule name="Execution Agents">
      </AgentRule>
    </Execution>
  </TestSettings>
  <Times creation="2015-04-26T14:09:59.4618000+01:00" queuing="2015-04-26T14:09:59.9298000+01:00" start="2015-04-26T14:09:59.9766000+01:00" finish="2015-04-26T14:10:00.3666000+01:00" />
  <ResultSummary outcome="Completed">
    <Counters total="1" executed="1" passed="1" error="0" failed="0" timeout="0" aborted="0" inconclusive="0" passedButRunAborted="0" notRunnable="0" notExecuted="0" disconnected="0" warning="0" completed="0" inProgress="0" pending="0" />
  </ResultSummary>
  <TestDefinitions>
    <UnitTest name="WhenStatusIsPlanningAndStatusNotToBeUpdated" storage="c:\cm0721\ordermgttest\bin\debug\ordermgttest.dll" id="7607301f-19b0-0be0-86b3-b6d53e4760f2">
      <Execution id="c94240ff-d925-49f4-bcc9-ac64bedd84af" />
      <TestMethod codeBase="C:/CM0721/OrderMgtTest/bin/Debug/OrderMgtTest.DLL" adapterTypeName="Microsoft.VisualStudio.TestTools.TestTypes.Unit.UnitTestAdapter, Microsoft.VisualStudio.QualityTools.Tips.UnitTest.Adapter, Version=10.0.0.0, Culture=neutral, PublicKeyToken=b03f5f7f11d50a3a" className="OrderMgtTest.UnitTest_OrderManager, OrderMgtTest, Version=1.0.0.0, Culture=neutral, PublicKeyToken=null" name="WhenStatusIsPlanningAndStatusNotToBeUpdated" />
    </UnitTest>
  </TestDefinitions>
  <TestLists>
    <TestList name="Results Not in a List" id="8c84fa94-04c1-424b-9868-57a2d4851a1d" />
    <TestList name="All Loaded Results" id="19431567-8539-422a-85d7-44ee4e166bda" />
  </TestLists>
  <TestEntries>
    <TestEntry testId="7607301f-19b0-0be0-86b3-b6d53e4760f2" executionId="c94240ff-d925-49f4-bcc9-ac64bedd84af" testListId="8c84fa94-04c1-424b-9868-57a2d4851a1d" />
  </TestEntries>
  <Results>
    <UnitTestResult executionId="c94240ff-d925-49f4-bcc9-ac64bedd84af" testId="7607301f-19b0-0be0-86b3-b6d53e4760f2" testName="WhenStatusIsPlanningAndStatusNotToBeUpdated" computerName="GARYSTOREY36B9" duration="00:00:00.0179086" startTime="2015-04-26T14:09:59.9922000+01:00" endTime="2015-04-26T14:10:00.2886000+01:00" testType="13cdc9d9-ddb5-4fa4-a97d-d965ccfc6d4b" outcome="Passed" testListId="8c84fa94-04c1-424b-9868-57a2d4851a1d" relativeResultsDirectory="c94240ff-d925-49f4-bcc9-ac64bedd84af">
    </UnitTestResult>
  </Results>
</TestRun>