<?xml version="1.0" encoding="UTF-8"?>
<TestRun id="b4026d21-26f0-4430-9e9d-9394eea277fa" name="jpickering@VAIOSSD 2015-04-30 15:09:49" runUser="VaioSSD\jpickering" xmlns="http://microsoft.com/schemas/VisualStudio/TeamTest/2010">
  <TestSettings name="Local" id="f9872536-3300-45e2-8d5a-1d6d5e11baff">
    <Description>These are default test settings for a local test run.</Description>
    <Deployment enabled="false" runDeploymentRoot="jpickering_VAIOSSD 2015-04-30 15_09_49">
      <DeploymentItem filename="C:\CM0721\OrderMgt\packages\Moq.4.2.1502.0911\lib\net40\Moq.dll" />
      <DeploymentItem filename="C:\CM0721\OrderMgt\bin\Debug\OrderMgt.exe" />
    </Deployment>
    <Execution>
      <TestTypeSpecific />
      <AgentRule name="Execution Agents">
      </AgentRule>
    </Execution>
  </TestSettings>
  <Times creation="2015-04-30T15:09:49.2809818+01:00" queuing="2015-04-30T15:09:50.6320590+01:00" start="2015-04-30T15:09:50.7390652+01:00" finish="2015-04-30T15:09:54.6782905+01:00" />
  <ResultSummary outcome="Completed">
    <Counters total="10" executed="10" passed="10" error="0" failed="0" timeout="0" aborted="0" inconclusive="0" passedButRunAborted="0" notRunnable="0" notExecuted="0" disconnected="0" warning="0" completed="0" inProgress="0" pending="0" />
  </ResultSummary>
  <TestDefinitions>
    <UnitTest name="TestMethod1" storage="c:\cm0721\ordermgttest\bin\debug\ordermgttest.dll" id="228edb18-dd4e-0e75-de53-bd2a12d61734">
      <Execution id="3be3e9b2-3bac-4fb5-9166-6e91c6884971" />
      <TestMethod codeBase="C:/CM0721/OrderMgtTest/bin/Debug/OrderMgtTest.DLL" adapterTypeName="Microsoft.VisualStudio.TestTools.TestTypes.Unit.UnitTestAdapter, Microsoft.VisualStudio.QualityTools.Tips.UnitTest.Adapter, Version=10.0.0.0, Culture=neutral, PublicKeyToken=b03f5f7f11d50a3a" className="OrderMgtTest.UnitTest_CustomerUI, OrderMgtTest, Version=1.0.0.0, Culture=neutral, PublicKeyToken=null" name="TestMethod1" />
    </UnitTest>
    <UnitTest name="TestNewCustomerProperties" storage="c:\cm0721\ordermgttest\bin\debug\ordermgttest.dll" id="6bf3745b-d07d-c0fb-a967-f22fb3f1779e">
      <Execution id="bad2f15d-a307-4762-9231-8da0f6b5dd24" />
      <TestMethod codeBase="C:/CM0721/OrderMgtTest/bin/Debug/OrderMgtTest.DLL" adapterTypeName="Microsoft.VisualStudio.TestTools.TestTypes.Unit.UnitTestAdapter, Microsoft.VisualStudio.QualityTools.Tips.UnitTest.Adapter, Version=10.0.0.0, Culture=neutral, PublicKeyToken=b03f5f7f11d50a3a" className="OrderMgtTest.UnitTest_Customers, OrderMgtTest, Version=1.0.0.0, Culture=neutral, PublicKeyToken=null" name="TestNewCustomerProperties" />
    </UnitTest>
    <UnitTest name="TestSaveEsistingCustomer" storage="c:\cm0721\ordermgttest\bin\debug\ordermgttest.dll" id="ab065cf5-b2d1-4ced-0a1e-1f310ae39ec3">
      <Execution id="d8554460-1fa4-402a-900f-784791db4ef8" />
      <TestMethod codeBase="C:/CM0721/OrderMgtTest/bin/Debug/OrderMgtTest.DLL" adapterTypeName="Microsoft.VisualStudio.TestTools.TestTypes.Unit.UnitTestAdapter, Microsoft.VisualStudio.QualityTools.Tips.UnitTest.Adapter, Version=10.0.0.0, Culture=neutral, PublicKeyToken=b03f5f7f11d50a3a" className="OrderMgtTest.UnitTest_Customers, OrderMgtTest, Version=1.0.0.0, Culture=neutral, PublicKeyToken=null" name="TestSaveEsistingCustomer" />
    </UnitTest>
    <UnitTest name="TestFactoryBuilding" storage="c:\cm0721\ordermgttest\bin\debug\ordermgttest.dll" id="c630fedc-6a96-2d59-7c5c-74b56b0fa827">
      <Execution id="9273b638-d4b4-47c4-9e00-84f50ed05cf7" />
      <TestMethod codeBase="C:/CM0721/OrderMgtTest/bin/Debug/OrderMgtTest.DLL" adapterTypeName="Microsoft.VisualStudio.TestTools.TestTypes.Unit.UnitTestAdapter, Microsoft.VisualStudio.QualityTools.Tips.UnitTest.Adapter, Version=10.0.0.0, Culture=neutral, PublicKeyToken=b03f5f7f11d50a3a" className="OrderMgtTest.UnitTest_Buildings, OrderMgtTest, Version=1.0.0.0, Culture=neutral, PublicKeyToken=null" name="TestFactoryBuilding" />
    </UnitTest>
    <UnitTest name="TestCustomer_UI" storage="c:\cm0721\ordermgttest\bin\debug\ordermgttest.dll" id="76377bb8-9951-ce7d-8547-fef7bce6a585">
      <Execution id="c33b1b4e-1923-41ca-a45c-26ddb7b1773f" />
      <TestMethod codeBase="C:/CM0721/OrderMgtTest/bin/Debug/OrderMgtTest.DLL" adapterTypeName="Microsoft.VisualStudio.TestTools.TestTypes.Unit.UnitTestAdapter, Microsoft.VisualStudio.QualityTools.Tips.UnitTest.Adapter, Version=10.0.0.0, Culture=neutral, PublicKeyToken=b03f5f7f11d50a3a" className="OrderMgtTest.UnitTest_CustomerUI, OrderMgtTest, Version=1.0.0.0, Culture=neutral, PublicKeyToken=null" name="TestCustomer_UI" />
    </UnitTest>
    <UnitTest name="WhenStatusIsPlanningAndStatusNotToBeUpdated" storage="c:\cm0721\ordermgttest\bin\debug\ordermgttest.dll" id="7607301f-19b0-0be0-86b3-b6d53e4760f2">
      <Execution id="8e41eeec-2e0a-488b-9a0b-9fadc12692d1" />
      <TestMethod codeBase="C:/CM0721/OrderMgtTest/bin/Debug/OrderMgtTest.DLL" adapterTypeName="Microsoft.VisualStudio.TestTools.TestTypes.Unit.UnitTestAdapter, Microsoft.VisualStudio.QualityTools.Tips.UnitTest.Adapter, Version=10.0.0.0, Culture=neutral, PublicKeyToken=b03f5f7f11d50a3a" className="OrderMgtTest.UnitTest_OrderManager, OrderMgtTest, Version=1.0.0.0, Culture=neutral, PublicKeyToken=null" name="WhenStatusIsPlanningAndStatusNotToBeUpdated" />
    </UnitTest>
    <UnitTest name="TestSaveBlankCustomer" storage="c:\cm0721\ordermgttest\bin\debug\ordermgttest.dll" id="10f114f7-0ae1-c6eb-e834-977905e4bf3a">
      <Execution id="a85f14c1-d1f1-40b8-9091-0793659e2b0b" />
      <TestMethod codeBase="C:/CM0721/OrderMgtTest/bin/Debug/OrderMgtTest.DLL" adapterTypeName="Microsoft.VisualStudio.TestTools.TestTypes.Unit.UnitTestAdapter, Microsoft.VisualStudio.QualityTools.Tips.UnitTest.Adapter, Version=10.0.0.0, Culture=neutral, PublicKeyToken=b03f5f7f11d50a3a" className="OrderMgtTest.UnitTest_Customers, OrderMgtTest, Version=1.0.0.0, Culture=neutral, PublicKeyToken=null" name="TestSaveBlankCustomer" />
    </UnitTest>
    <UnitTest name="TestCreateionOfNullBuilding" storage="c:\cm0721\ordermgttest\bin\debug\ordermgttest.dll" id="06ee2c56-2a83-d6f3-1024-7ba7c2436e3c">
      <Execution id="8a903ad7-4d0e-43b9-8a32-bb6d55412e8a" />
      <TestMethod codeBase="C:/CM0721/OrderMgtTest/bin/Debug/OrderMgtTest.DLL" adapterTypeName="Microsoft.VisualStudio.TestTools.TestTypes.Unit.UnitTestAdapter, Microsoft.VisualStudio.QualityTools.Tips.UnitTest.Adapter, Version=10.0.0.0, Culture=neutral, PublicKeyToken=b03f5f7f11d50a3a" className="OrderMgtTest.UnitTest_Buildings, OrderMgtTest, Version=1.0.0.0, Culture=neutral, PublicKeyToken=null" name="TestCreateionOfNullBuilding" />
    </UnitTest>
    <UnitTest name="WhenStatusIsPlanningAndStatusIsToBeUpdated" storage="c:\cm0721\ordermgttest\bin\debug\ordermgttest.dll" id="d70d2bdb-13b4-6db3-55db-c10f4e1d73dc">
      <Execution id="4eb136c7-a3e9-4285-959e-3ca46fd5277c" />
      <TestMethod codeBase="C:/CM0721/OrderMgtTest/bin/Debug/OrderMgtTest.DLL" adapterTypeName="Microsoft.VisualStudio.TestTools.TestTypes.Unit.UnitTestAdapter, Microsoft.VisualStudio.QualityTools.Tips.UnitTest.Adapter, Version=10.0.0.0, Culture=neutral, PublicKeyToken=b03f5f7f11d50a3a" className="OrderMgtTest.UnitTest_OrderManager, OrderMgtTest, Version=1.0.0.0, Culture=neutral, PublicKeyToken=null" name="WhenStatusIsPlanningAndStatusIsToBeUpdated" />
    </UnitTest>
    <UnitTest name="TestLoadCustomer" storage="c:\cm0721\ordermgttest\bin\debug\ordermgttest.dll" id="b4bb03be-fe26-9b5b-4a39-006ec97c94d8">
      <Execution id="0fdad526-db1b-4c78-817b-b2a3884b45a5" />
      <TestMethod codeBase="C:/CM0721/OrderMgtTest/bin/Debug/OrderMgtTest.DLL" adapterTypeName="Microsoft.VisualStudio.TestTools.TestTypes.Unit.UnitTestAdapter, Microsoft.VisualStudio.QualityTools.Tips.UnitTest.Adapter, Version=10.0.0.0, Culture=neutral, PublicKeyToken=b03f5f7f11d50a3a" className="OrderMgtTest.UnitTest_Customers, OrderMgtTest, Version=1.0.0.0, Culture=neutral, PublicKeyToken=null" name="TestLoadCustomer" />
    </UnitTest>
  </TestDefinitions>
  <TestLists>
    <TestList name="Results Not in a List" id="8c84fa94-04c1-424b-9868-57a2d4851a1d" />
    <TestList name="All Loaded Results" id="19431567-8539-422a-85d7-44ee4e166bda" />
  </TestLists>
  <TestEntries>
    <TestEntry testId="6bf3745b-d07d-c0fb-a967-f22fb3f1779e" executionId="bad2f15d-a307-4762-9231-8da0f6b5dd24" testListId="8c84fa94-04c1-424b-9868-57a2d4851a1d" />
    <TestEntry testId="10f114f7-0ae1-c6eb-e834-977905e4bf3a" executionId="a85f14c1-d1f1-40b8-9091-0793659e2b0b" testListId="8c84fa94-04c1-424b-9868-57a2d4851a1d" />
    <TestEntry testId="b4bb03be-fe26-9b5b-4a39-006ec97c94d8" executionId="0fdad526-db1b-4c78-817b-b2a3884b45a5" testListId="8c84fa94-04c1-424b-9868-57a2d4851a1d" />
    <TestEntry testId="ab065cf5-b2d1-4ced-0a1e-1f310ae39ec3" executionId="d8554460-1fa4-402a-900f-784791db4ef8" testListId="8c84fa94-04c1-424b-9868-57a2d4851a1d" />
    <TestEntry testId="06ee2c56-2a83-d6f3-1024-7ba7c2436e3c" executionId="8a903ad7-4d0e-43b9-8a32-bb6d55412e8a" testListId="8c84fa94-04c1-424b-9868-57a2d4851a1d" />
    <TestEntry testId="c630fedc-6a96-2d59-7c5c-74b56b0fa827" executionId="9273b638-d4b4-47c4-9e00-84f50ed05cf7" testListId="8c84fa94-04c1-424b-9868-57a2d4851a1d" />
    <TestEntry testId="d70d2bdb-13b4-6db3-55db-c10f4e1d73dc" executionId="4eb136c7-a3e9-4285-959e-3ca46fd5277c" testListId="8c84fa94-04c1-424b-9868-57a2d4851a1d" />
    <TestEntry testId="7607301f-19b0-0be0-86b3-b6d53e4760f2" executionId="8e41eeec-2e0a-488b-9a0b-9fadc12692d1" testListId="8c84fa94-04c1-424b-9868-57a2d4851a1d" />
    <TestEntry testId="76377bb8-9951-ce7d-8547-fef7bce6a585" executionId="c33b1b4e-1923-41ca-a45c-26ddb7b1773f" testListId="8c84fa94-04c1-424b-9868-57a2d4851a1d" />
    <TestEntry testId="228edb18-dd4e-0e75-de53-bd2a12d61734" executionId="3be3e9b2-3bac-4fb5-9166-6e91c6884971" testListId="8c84fa94-04c1-424b-9868-57a2d4851a1d" />
  </TestEntries>
  <Results>
    <UnitTestResult executionId="bad2f15d-a307-4762-9231-8da0f6b5dd24" testId="6bf3745b-d07d-c0fb-a967-f22fb3f1779e" testName="TestNewCustomerProperties" computerName="VAIOSSD" duration="00:00:00.0570335" startTime="2015-04-30T15:09:50.8500715+01:00" endTime="2015-04-30T15:09:51.7571234+01:00" testType="13cdc9d9-ddb5-4fa4-a97d-d965ccfc6d4b" outcome="Passed" testListId="8c84fa94-04c1-424b-9868-57a2d4851a1d" relativeResultsDirectory="bad2f15d-a307-4762-9231-8da0f6b5dd24">
    </UnitTestResult>
    <UnitTestResult executionId="a85f14c1-d1f1-40b8-9091-0793659e2b0b" testId="10f114f7-0ae1-c6eb-e834-977905e4bf3a" testName="TestSaveBlankCustomer" computerName="VAIOSSD" duration="00:00:00.0251835" startTime="2015-04-30T15:09:51.7871251+01:00" endTime="2015-04-30T15:09:51.8191269+01:00" testType="13cdc9d9-ddb5-4fa4-a97d-d965ccfc6d4b" outcome="Passed" testListId="8c84fa94-04c1-424b-9868-57a2d4851a1d" relativeResultsDirectory="a85f14c1-d1f1-40b8-9091-0793659e2b0b">
    </UnitTestResult>
    <UnitTestResult executionId="0fdad526-db1b-4c78-817b-b2a3884b45a5" testId="b4bb03be-fe26-9b5b-4a39-006ec97c94d8" testName="TestLoadCustomer" computerName="VAIOSSD" duration="00:00:00.3424907" startTime="2015-04-30T15:09:51.8471285+01:00" endTime="2015-04-30T15:09:52.1991487+01:00" testType="13cdc9d9-ddb5-4fa4-a97d-d965ccfc6d4b" outcome="Passed" testListId="8c84fa94-04c1-424b-9868-57a2d4851a1d" relativeResultsDirectory="0fdad526-db1b-4c78-817b-b2a3884b45a5">
    </UnitTestResult>
    <UnitTestResult executionId="d8554460-1fa4-402a-900f-784791db4ef8" testId="ab065cf5-b2d1-4ced-0a1e-1f310ae39ec3" testName="TestSaveEsistingCustomer" computerName="VAIOSSD" duration="00:00:01.5080258" startTime="2015-04-30T15:09:52.2131495+01:00" endTime="2015-04-30T15:09:53.7262360+01:00" testType="13cdc9d9-ddb5-4fa4-a97d-d965ccfc6d4b" outcome="Passed" testListId="8c84fa94-04c1-424b-9868-57a2d4851a1d" relativeResultsDirectory="d8554460-1fa4-402a-900f-784791db4ef8">
    </UnitTestResult>
    <UnitTestResult executionId="8a903ad7-4d0e-43b9-8a32-bb6d55412e8a" testId="06ee2c56-2a83-d6f3-1024-7ba7c2436e3c" testName="TestCreateionOfNullBuilding" computerName="VAIOSSD" duration="00:00:00.0016946" startTime="2015-04-30T15:09:53.7472372+01:00" endTime="2015-04-30T15:09:53.7582378+01:00" testType="13cdc9d9-ddb5-4fa4-a97d-d965ccfc6d4b" outcome="Passed" testListId="8c84fa94-04c1-424b-9868-57a2d4851a1d" relativeResultsDirectory="8a903ad7-4d0e-43b9-8a32-bb6d55412e8a">
    </UnitTestResult>
    <UnitTestResult executionId="9273b638-d4b4-47c4-9e00-84f50ed05cf7" testId="c630fedc-6a96-2d59-7c5c-74b56b0fa827" testName="TestFactoryBuilding" computerName="VAIOSSD" duration="00:00:00.0008456" startTime="2015-04-30T15:09:53.7872395+01:00" endTime="2015-04-30T15:09:53.7942399+01:00" testType="13cdc9d9-ddb5-4fa4-a97d-d965ccfc6d4b" outcome="Passed" testListId="8c84fa94-04c1-424b-9868-57a2d4851a1d" relativeResultsDirectory="9273b638-d4b4-47c4-9e00-84f50ed05cf7">
    </UnitTestResult>
    <UnitTestResult executionId="4eb136c7-a3e9-4285-959e-3ca46fd5277c" testId="d70d2bdb-13b4-6db3-55db-c10f4e1d73dc" testName="WhenStatusIsPlanningAndStatusIsToBeUpdated" computerName="VAIOSSD" duration="00:00:00.1538504" startTime="2015-04-30T15:09:53.8172412+01:00" endTime="2015-04-30T15:09:53.9782504+01:00" testType="13cdc9d9-ddb5-4fa4-a97d-d965ccfc6d4b" outcome="Passed" testListId="8c84fa94-04c1-424b-9868-57a2d4851a1d" relativeResultsDirectory="4eb136c7-a3e9-4285-959e-3ca46fd5277c">
    </UnitTestResult>
    <UnitTestResult executionId="8e41eeec-2e0a-488b-9a0b-9fadc12692d1" testId="7607301f-19b0-0be0-86b3-b6d53e4760f2" testName="WhenStatusIsPlanningAndStatusNotToBeUpdated" computerName="VAIOSSD" duration="00:00:00.0799637" startTime="2015-04-30T15:09:54.0512546+01:00" endTime="2015-04-30T15:09:54.1382596+01:00" testType="13cdc9d9-ddb5-4fa4-a97d-d965ccfc6d4b" outcome="Passed" testListId="8c84fa94-04c1-424b-9868-57a2d4851a1d" relativeResultsDirectory="8e41eeec-2e0a-488b-9a0b-9fadc12692d1">
    </UnitTestResult>
    <UnitTestResult executionId="c33b1b4e-1923-41ca-a45c-26ddb7b1773f" testId="76377bb8-9951-ce7d-8547-fef7bce6a585" testName="TestCustomer_UI" computerName="VAIOSSD" duration="00:00:00.3637999" startTime="2015-04-30T15:09:54.1672612+01:00" endTime="2015-04-30T15:09:54.5362823+01:00" testType="13cdc9d9-ddb5-4fa4-a97d-d965ccfc6d4b" outcome="Passed" testListId="8c84fa94-04c1-424b-9868-57a2d4851a1d" relativeResultsDirectory="c33b1b4e-1923-41ca-a45c-26ddb7b1773f">
    </UnitTestResult>
    <UnitTestResult executionId="3be3e9b2-3bac-4fb5-9166-6e91c6884971" testId="228edb18-dd4e-0e75-de53-bd2a12d61734" testName="TestMethod1" computerName="VAIOSSD" duration="00:00:00.0001796" startTime="2015-04-30T15:09:54.5632839+01:00" endTime="2015-04-30T15:09:54.5692842+01:00" testType="13cdc9d9-ddb5-4fa4-a97d-d965ccfc6d4b" outcome="Passed" testListId="8c84fa94-04c1-424b-9868-57a2d4851a1d" relativeResultsDirectory="3be3e9b2-3bac-4fb5-9166-6e91c6884971">
    </UnitTestResult>
  </Results>
</TestRun>