<?xml version="1.0" encoding="UTF-8"?>
<TestRun id="4dbb6170-1398-4c3b-b0a2-0f47f99b41a8" name="jpickering@VAIOSSD 2015-04-30 14:53:39" runUser="VaioSSD\jpickering" xmlns="http://microsoft.com/schemas/VisualStudio/TeamTest/2010">
  <TestSettings name="Local" id="f9872536-3300-45e2-8d5a-1d6d5e11baff">
    <Description>These are default test settings for a local test run.</Description>
    <Deployment enabled="false" runDeploymentRoot="jpickering_VAIOSSD 2015-04-30 14_53_39">
      <DeploymentItem filename="C:\CM0721\OrderMgt\packages\Moq.4.2.1502.0911\lib\net40\Moq.dll" />
      <DeploymentItem filename="C:\CM0721\OrderMgt\bin\Debug\OrderMgt.exe" />
    </Deployment>
    <Execution>
      <TestTypeSpecific />
      <AgentRule name="Execution Agents">
      </AgentRule>
    </Execution>
  </TestSettings>
  <Times creation="2015-04-30T14:53:39.4225090+01:00" queuing="2015-04-30T14:53:40.8245892+01:00" start="2015-04-30T14:53:40.8955933+01:00" finish="2015-04-30T14:55:37.7322760+01:00" />
  <ResultSummary outcome="Error">
    <Counters total="10" executed="8" passed="7" error="0" failed="0" timeout="0" aborted="1" inconclusive="0" passedButRunAborted="0" notRunnable="0" notExecuted="2" disconnected="0" warning="0" completed="0" inProgress="0" pending="0" />
    <RunInfos>
      <RunInfo computerName="VAIOSSD" outcome="Error" timestamp="2015-04-30T14:55:37.7302758+01:00">
        <Text>Test host process exited unexpectedly.</Text>
      </RunInfo>
    </RunInfos>
  </ResultSummary>
  <TestDefinitions>
    <UnitTest name="TestMethod1" storage="c:\cm0721\ordermgttest\bin\debug\ordermgttest.dll" id="228edb18-dd4e-0e75-de53-bd2a12d61734">
      <Execution id="e9abd01e-9da1-4cb0-86aa-9b1921960702" />
      <TestMethod codeBase="C:/CM0721/OrderMgtTest/bin/Debug/OrderMgtTest.DLL" adapterTypeName="Microsoft.VisualStudio.TestTools.TestTypes.Unit.UnitTestAdapter, Microsoft.VisualStudio.QualityTools.Tips.UnitTest.Adapter, Version=10.0.0.0, Culture=neutral, PublicKeyToken=b03f5f7f11d50a3a" className="OrderMgtTest.UnitTest_CustomerUI, OrderMgtTest, Version=1.0.0.0, Culture=neutral, PublicKeyToken=null" name="TestMethod1" />
    </UnitTest>
    <UnitTest name="TestNewCustomerProperties" storage="c:\cm0721\ordermgttest\bin\debug\ordermgttest.dll" id="6bf3745b-d07d-c0fb-a967-f22fb3f1779e">
      <Execution id="321653eb-ba81-4a7d-bf00-e597723fd1c5" />
      <TestMethod codeBase="C:/CM0721/OrderMgtTest/bin/Debug/OrderMgtTest.DLL" adapterTypeName="Microsoft.VisualStudio.TestTools.TestTypes.Unit.UnitTestAdapter, Microsoft.VisualStudio.QualityTools.Tips.UnitTest.Adapter, Version=10.0.0.0, Culture=neutral, PublicKeyToken=b03f5f7f11d50a3a" className="OrderMgtTest.UnitTest_Customers, OrderMgtTest, Version=1.0.0.0, Culture=neutral, PublicKeyToken=null" name="TestNewCustomerProperties" />
    </UnitTest>
    <UnitTest name="TestSaveEsistingCustomer" storage="c:\cm0721\ordermgttest\bin\debug\ordermgttest.dll" id="ab065cf5-b2d1-4ced-0a1e-1f310ae39ec3">
      <Execution id="1e9ffbec-540e-4065-835c-f99790c940d3" />
      <TestMethod codeBase="C:/CM0721/OrderMgtTest/bin/Debug/OrderMgtTest.DLL" adapterTypeName="Microsoft.VisualStudio.TestTools.TestTypes.Unit.UnitTestAdapter, Microsoft.VisualStudio.QualityTools.Tips.UnitTest.Adapter, Version=10.0.0.0, Culture=neutral, PublicKeyToken=b03f5f7f11d50a3a" className="OrderMgtTest.UnitTest_Customers, OrderMgtTest, Version=1.0.0.0, Culture=neutral, PublicKeyToken=null" name="TestSaveEsistingCustomer" />
    </UnitTest>
    <UnitTest name="TestFactoryBuilding" storage="c:\cm0721\ordermgttest\bin\debug\ordermgttest.dll" id="c630fedc-6a96-2d59-7c5c-74b56b0fa827">
      <Execution id="8e5f2a39-ab35-4abe-9fab-0866e0e55020" />
      <TestMethod codeBase="C:/CM0721/OrderMgtTest/bin/Debug/OrderMgtTest.DLL" adapterTypeName="Microsoft.VisualStudio.TestTools.TestTypes.Unit.UnitTestAdapter, Microsoft.VisualStudio.QualityTools.Tips.UnitTest.Adapter, Version=10.0.0.0, Culture=neutral, PublicKeyToken=b03f5f7f11d50a3a" className="OrderMgtTest.UnitTest_Buildings, OrderMgtTest, Version=1.0.0.0, Culture=neutral, PublicKeyToken=null" name="TestFactoryBuilding" />
    </UnitTest>
    <UnitTest name="TestCustomer_UI" storage="c:\cm0721\ordermgttest\bin\debug\ordermgttest.dll" id="76377bb8-9951-ce7d-8547-fef7bce6a585">
      <Execution id="92a8509e-8870-4ef8-bbdd-8667d63feb51" />
      <TestMethod codeBase="C:/CM0721/OrderMgtTest/bin/Debug/OrderMgtTest.DLL" adapterTypeName="Microsoft.VisualStudio.TestTools.TestTypes.Unit.UnitTestAdapter, Microsoft.VisualStudio.QualityTools.Tips.UnitTest.Adapter, Version=10.0.0.0, Culture=neutral, PublicKeyToken=b03f5f7f11d50a3a" className="OrderMgtTest.UnitTest_CustomerUI, OrderMgtTest, Version=1.0.0.0, Culture=neutral, PublicKeyToken=null" name="TestCustomer_UI" />
    </UnitTest>
    <UnitTest name="WhenStatusIsPlanningAndStatusNotToBeUpdated" storage="c:\cm0721\ordermgttest\bin\debug\ordermgttest.dll" id="7607301f-19b0-0be0-86b3-b6d53e4760f2">
      <Execution id="60fd4aae-f157-4b44-980e-0f41e2b6cb05" />
      <TestMethod codeBase="C:/CM0721/OrderMgtTest/bin/Debug/OrderMgtTest.DLL" adapterTypeName="Microsoft.VisualStudio.TestTools.TestTypes.Unit.UnitTestAdapter, Microsoft.VisualStudio.QualityTools.Tips.UnitTest.Adapter, Version=10.0.0.0, Culture=neutral, PublicKeyToken=b03f5f7f11d50a3a" className="OrderMgtTest.UnitTest_OrderManager, OrderMgtTest, Version=1.0.0.0, Culture=neutral, PublicKeyToken=null" name="WhenStatusIsPlanningAndStatusNotToBeUpdated" />
    </UnitTest>
    <UnitTest name="TestSaveBlankCustomer" storage="c:\cm0721\ordermgttest\bin\debug\ordermgttest.dll" id="10f114f7-0ae1-c6eb-e834-977905e4bf3a">
      <Execution id="e743463a-fbdc-4b21-bc37-2607f1a08b83" />
      <TestMethod codeBase="C:/CM0721/OrderMgtTest/bin/Debug/OrderMgtTest.DLL" adapterTypeName="Microsoft.VisualStudio.TestTools.TestTypes.Unit.UnitTestAdapter, Microsoft.VisualStudio.QualityTools.Tips.UnitTest.Adapter, Version=10.0.0.0, Culture=neutral, PublicKeyToken=b03f5f7f11d50a3a" className="OrderMgtTest.UnitTest_Customers, OrderMgtTest, Version=1.0.0.0, Culture=neutral, PublicKeyToken=null" name="TestSaveBlankCustomer" />
    </UnitTest>
    <UnitTest name="TestCreateionOfNullBuilding" storage="c:\cm0721\ordermgttest\bin\debug\ordermgttest.dll" id="06ee2c56-2a83-d6f3-1024-7ba7c2436e3c">
      <Execution id="9320dd25-5cca-4b4e-9e7e-15c7979bb5ab" />
      <TestMethod codeBase="C:/CM0721/OrderMgtTest/bin/Debug/OrderMgtTest.DLL" adapterTypeName="Microsoft.VisualStudio.TestTools.TestTypes.Unit.UnitTestAdapter, Microsoft.VisualStudio.QualityTools.Tips.UnitTest.Adapter, Version=10.0.0.0, Culture=neutral, PublicKeyToken=b03f5f7f11d50a3a" className="OrderMgtTest.UnitTest_Buildings, OrderMgtTest, Version=1.0.0.0, Culture=neutral, PublicKeyToken=null" name="TestCreateionOfNullBuilding" />
    </UnitTest>
    <UnitTest name="WhenStatusIsPlanningAndStatusIsToBeUpdated" storage="c:\cm0721\ordermgttest\bin\debug\ordermgttest.dll" id="d70d2bdb-13b4-6db3-55db-c10f4e1d73dc">
      <Execution id="5e9246e8-1cda-4f79-b017-420dba3e9213" />
      <TestMethod codeBase="C:/CM0721/OrderMgtTest/bin/Debug/OrderMgtTest.DLL" adapterTypeName="Microsoft.VisualStudio.TestTools.TestTypes.Unit.UnitTestAdapter, Microsoft.VisualStudio.QualityTools.Tips.UnitTest.Adapter, Version=10.0.0.0, Culture=neutral, PublicKeyToken=b03f5f7f11d50a3a" className="OrderMgtTest.UnitTest_OrderManager, OrderMgtTest, Version=1.0.0.0, Culture=neutral, PublicKeyToken=null" name="WhenStatusIsPlanningAndStatusIsToBeUpdated" />
    </UnitTest>
    <UnitTest name="TestLoadCustomer" storage="c:\cm0721\ordermgttest\bin\debug\ordermgttest.dll" id="b4bb03be-fe26-9b5b-4a39-006ec97c94d8">
      <Execution id="b49550d3-e4fc-4aec-8154-91cfc98c0338" />
      <TestMethod codeBase="C:/CM0721/OrderMgtTest/bin/Debug/OrderMgtTest.DLL" adapterTypeName="Microsoft.VisualStudio.TestTools.TestTypes.Unit.UnitTestAdapter, Microsoft.VisualStudio.QualityTools.Tips.UnitTest.Adapter, Version=10.0.0.0, Culture=neutral, PublicKeyToken=b03f5f7f11d50a3a" className="OrderMgtTest.UnitTest_Customers, OrderMgtTest, Version=1.0.0.0, Culture=neutral, PublicKeyToken=null" name="TestLoadCustomer" />
    </UnitTest>
  </TestDefinitions>
  <TestLists>
    <TestList name="Results Not in a List" id="8c84fa94-04c1-424b-9868-57a2d4851a1d" />
    <TestList name="All Loaded Results" id="19431567-8539-422a-85d7-44ee4e166bda" />
  </TestLists>
  <TestEntries>
    <TestEntry testId="6bf3745b-d07d-c0fb-a967-f22fb3f1779e" executionId="321653eb-ba81-4a7d-bf00-e597723fd1c5" testListId="8c84fa94-04c1-424b-9868-57a2d4851a1d" />
    <TestEntry testId="10f114f7-0ae1-c6eb-e834-977905e4bf3a" executionId="e743463a-fbdc-4b21-bc37-2607f1a08b83" testListId="8c84fa94-04c1-424b-9868-57a2d4851a1d" />
    <TestEntry testId="b4bb03be-fe26-9b5b-4a39-006ec97c94d8" executionId="b49550d3-e4fc-4aec-8154-91cfc98c0338" testListId="8c84fa94-04c1-424b-9868-57a2d4851a1d" />
    <TestEntry testId="ab065cf5-b2d1-4ced-0a1e-1f310ae39ec3" executionId="1e9ffbec-540e-4065-835c-f99790c940d3" testListId="8c84fa94-04c1-424b-9868-57a2d4851a1d" />
    <TestEntry testId="06ee2c56-2a83-d6f3-1024-7ba7c2436e3c" executionId="9320dd25-5cca-4b4e-9e7e-15c7979bb5ab" testListId="8c84fa94-04c1-424b-9868-57a2d4851a1d" />
    <TestEntry testId="c630fedc-6a96-2d59-7c5c-74b56b0fa827" executionId="8e5f2a39-ab35-4abe-9fab-0866e0e55020" testListId="8c84fa94-04c1-424b-9868-57a2d4851a1d" />
    <TestEntry testId="d70d2bdb-13b4-6db3-55db-c10f4e1d73dc" executionId="5e9246e8-1cda-4f79-b017-420dba3e9213" testListId="8c84fa94-04c1-424b-9868-57a2d4851a1d" />
    <TestEntry testId="7607301f-19b0-0be0-86b3-b6d53e4760f2" executionId="60fd4aae-f157-4b44-980e-0f41e2b6cb05" testListId="8c84fa94-04c1-424b-9868-57a2d4851a1d" />
    <TestEntry testId="76377bb8-9951-ce7d-8547-fef7bce6a585" executionId="92a8509e-8870-4ef8-bbdd-8667d63feb51" testListId="8c84fa94-04c1-424b-9868-57a2d4851a1d" />
    <TestEntry testId="228edb18-dd4e-0e75-de53-bd2a12d61734" executionId="e9abd01e-9da1-4cb0-86aa-9b1921960702" testListId="8c84fa94-04c1-424b-9868-57a2d4851a1d" />
  </TestEntries>
  <Results>
    <UnitTestResult executionId="321653eb-ba81-4a7d-bf00-e597723fd1c5" testId="6bf3745b-d07d-c0fb-a967-f22fb3f1779e" testName="TestNewCustomerProperties" computerName="VAIOSSD" duration="00:00:00.0557691" startTime="2015-04-30T14:53:40.9715976+01:00" endTime="2015-04-30T14:53:41.9566540+01:00" testType="13cdc9d9-ddb5-4fa4-a97d-d965ccfc6d4b" outcome="Passed" testListId="8c84fa94-04c1-424b-9868-57a2d4851a1d" relativeResultsDirectory="321653eb-ba81-4a7d-bf00-e597723fd1c5">
    </UnitTestResult>
    <UnitTestResult executionId="e743463a-fbdc-4b21-bc37-2607f1a08b83" testId="10f114f7-0ae1-c6eb-e834-977905e4bf3a" testName="TestSaveBlankCustomer" computerName="VAIOSSD" duration="00:00:00.0256548" startTime="2015-04-30T14:53:41.9796553+01:00" endTime="2015-04-30T14:53:42.0156573+01:00" testType="13cdc9d9-ddb5-4fa4-a97d-d965ccfc6d4b" outcome="Passed" testListId="8c84fa94-04c1-424b-9868-57a2d4851a1d" relativeResultsDirectory="e743463a-fbdc-4b21-bc37-2607f1a08b83">
    </UnitTestResult>
    <UnitTestResult executionId="b49550d3-e4fc-4aec-8154-91cfc98c0338" testId="b4bb03be-fe26-9b5b-4a39-006ec97c94d8" testName="TestLoadCustomer" computerName="VAIOSSD" duration="00:00:00.3264797" startTime="2015-04-30T14:53:42.0416588+01:00" endTime="2015-04-30T14:53:42.3736778+01:00" testType="13cdc9d9-ddb5-4fa4-a97d-d965ccfc6d4b" outcome="Passed" testListId="8c84fa94-04c1-424b-9868-57a2d4851a1d" relativeResultsDirectory="b49550d3-e4fc-4aec-8154-91cfc98c0338">
    </UnitTestResult>
    <UnitTestResult executionId="1e9ffbec-540e-4065-835c-f99790c940d3" testId="ab065cf5-b2d1-4ced-0a1e-1f310ae39ec3" testName="TestSaveEsistingCustomer" computerName="VAIOSSD" duration="00:00:01.5054256" startTime="2015-04-30T14:53:42.3956791+01:00" endTime="2015-04-30T14:53:43.9137659+01:00" testType="13cdc9d9-ddb5-4fa4-a97d-d965ccfc6d4b" outcome="Passed" testListId="8c84fa94-04c1-424b-9868-57a2d4851a1d" relativeResultsDirectory="1e9ffbec-540e-4065-835c-f99790c940d3">
    </UnitTestResult>
    <UnitTestResult executionId="9320dd25-5cca-4b4e-9e7e-15c7979bb5ab" testId="06ee2c56-2a83-d6f3-1024-7ba7c2436e3c" testName="TestCreateionOfNullBuilding" computerName="VAIOSSD" duration="00:00:00.0016907" startTime="2015-04-30T14:53:43.9327670+01:00" endTime="2015-04-30T14:53:43.9407675+01:00" testType="13cdc9d9-ddb5-4fa4-a97d-d965ccfc6d4b" outcome="Passed" testListId="8c84fa94-04c1-424b-9868-57a2d4851a1d" relativeResultsDirectory="9320dd25-5cca-4b4e-9e7e-15c7979bb5ab">
    </UnitTestResult>
    <UnitTestResult executionId="8e5f2a39-ab35-4abe-9fab-0866e0e55020" testId="c630fedc-6a96-2d59-7c5c-74b56b0fa827" testName="TestFactoryBuilding" computerName="VAIOSSD" duration="00:00:00.0008665" startTime="2015-04-30T14:53:43.9627687+01:00" endTime="2015-04-30T14:53:43.9697691+01:00" testType="13cdc9d9-ddb5-4fa4-a97d-d965ccfc6d4b" outcome="Passed" testListId="8c84fa94-04c1-424b-9868-57a2d4851a1d" relativeResultsDirectory="8e5f2a39-ab35-4abe-9fab-0866e0e55020">
    </UnitTestResult>
    <UnitTestResult executionId="5e9246e8-1cda-4f79-b017-420dba3e9213" testId="d70d2bdb-13b4-6db3-55db-c10f4e1d73dc" testName="WhenStatusIsPlanningAndStatusIsToBeUpdated" computerName="VAIOSSD" duration="00:00:00.1357954" startTime="2015-04-30T14:53:43.9947705+01:00" endTime="2015-04-30T14:53:44.1427790+01:00" testType="13cdc9d9-ddb5-4fa4-a97d-d965ccfc6d4b" outcome="Passed" testListId="8c84fa94-04c1-424b-9868-57a2d4851a1d" relativeResultsDirectory="5e9246e8-1cda-4f79-b017-420dba3e9213">
    </UnitTestResult>
    <UnitTestResult executionId="60fd4aae-f157-4b44-980e-0f41e2b6cb05" testId="7607301f-19b0-0be0-86b3-b6d53e4760f2" testName="WhenStatusIsPlanningAndStatusNotToBeUpdated" computerName="VAIOSSD" duration="00:01:53.5234932" startTime="2015-04-30T14:53:44.2087828+01:00" endTime="2015-04-30T14:55:37.7322760+01:00" testType="13cdc9d9-ddb5-4fa4-a97d-d965ccfc6d4b" outcome="Aborted" testListId="8c84fa94-04c1-424b-9868-57a2d4851a1d" relativeResultsDirectory="60fd4aae-f157-4b44-980e-0f41e2b6cb05">
    </UnitTestResult>
    <UnitTestResult executionId="92a8509e-8870-4ef8-bbdd-8667d63feb51" testId="76377bb8-9951-ce7d-8547-fef7bce6a585" testName="TestCustomer_UI" computerName="VAIOSSD" testType="13cdc9d9-ddb5-4fa4-a97d-d965ccfc6d4b" outcome="NotExecuted" testListId="8c84fa94-04c1-424b-9868-57a2d4851a1d" relativeResultsDirectory="92a8509e-8870-4ef8-bbdd-8667d63feb51">
    </UnitTestResult>
    <UnitTestResult executionId="e9abd01e-9da1-4cb0-86aa-9b1921960702" testId="228edb18-dd4e-0e75-de53-bd2a12d61734" testName="TestMethod1" computerName="VAIOSSD" testType="13cdc9d9-ddb5-4fa4-a97d-d965ccfc6d4b" outcome="NotExecuted" testListId="8c84fa94-04c1-424b-9868-57a2d4851a1d" relativeResultsDirectory="e9abd01e-9da1-4cb0-86aa-9b1921960702">
    </UnitTestResult>
  </Results>
</TestRun>