<?xml version="1.0" encoding="UTF-8"?>
<TestRun id="3f383b06-aa7a-4866-bae8-980a56dec317" name="w13042894@PBOARC11717178 2015-04-26 15:28:16" runUser="UNN\w13042894" xmlns="http://microsoft.com/schemas/VisualStudio/TeamTest/2010">
  <TestSettings name="Local" id="f9872536-3300-45e2-8d5a-1d6d5e11baff">
    <Description>These are default test settings for a local test run.</Description>
    <Deployment enabled="false" runDeploymentRoot="w13042894_PBOARC11717178 2015-04-26 15_28_16">
      <DeploymentItem filename="U:\My Documents\gregomebije\computer_science\client2\oop\CM0721\OrderMgt\packages\Moq.4.2.1502.0911\lib\net40\Moq.dll" />
      <DeploymentItem filename="U:\My Documents\gregomebije\computer_science\client2\oop\CM0721\OrderMgt\bin\Debug\OrderMgt.exe" />
    </Deployment>
    <Execution>
      <TestTypeSpecific />
      <AgentRule name="Execution Agents">
      </AgentRule>
    </Execution>
  </TestSettings>
  <Times creation="2015-04-26T15:28:16.7945197+01:00" queuing="2015-04-26T15:28:18.3456748+01:00" start="2015-04-26T15:28:18.3526755+01:00" finish="2015-04-26T15:28:18.8997302+01:00" />
  <ResultSummary outcome="Failed">
    <Counters total="1" executed="1" error="0" failed="1" timeout="0" aborted="0" inconclusive="0" passedButRunAborted="0" notRunnable="0" notExecuted="0" disconnected="0" warning="0" passed="0" completed="0" inProgress="0" pending="0" />
  </ResultSummary>
  <TestDefinitions>
    <UnitTest name="TestCustomer_UI" storage="u:\my documents\gregomebije\computer_science\client2\oop\cm0721\ordermgttest\bin\debug\ordermgttest.dll" id="76377bb8-9951-ce7d-8547-fef7bce6a585">
      <Execution id="7d6bf9ab-5996-485a-a0c5-b056c2129ce7" />
      <TestMethod codeBase="U:/My Documents/gregomebije/computer_science/client2/oop/CM0721/OrderMgtTest/bin/Debug/OrderMgtTest.DLL" adapterTypeName="Microsoft.VisualStudio.TestTools.TestTypes.Unit.UnitTestAdapter, Microsoft.VisualStudio.QualityTools.Tips.UnitTest.Adapter, Version=10.0.0.0, Culture=neutral, PublicKeyToken=b03f5f7f11d50a3a" className="OrderMgtTest.UnitTest_CustomerUI, OrderMgtTest, Version=1.0.0.0, Culture=neutral, PublicKeyToken=null" name="TestCustomer_UI" />
    </UnitTest>
  </TestDefinitions>
  <TestLists>
    <TestList name="Results Not in a List" id="8c84fa94-04c1-424b-9868-57a2d4851a1d" />
    <TestList name="All Loaded Results" id="19431567-8539-422a-85d7-44ee4e166bda" />
  </TestLists>
  <TestEntries>
    <TestEntry testId="76377bb8-9951-ce7d-8547-fef7bce6a585" executionId="7d6bf9ab-5996-485a-a0c5-b056c2129ce7" testListId="8c84fa94-04c1-424b-9868-57a2d4851a1d" />
  </TestEntries>
  <Results>
    <UnitTestResult executionId="7d6bf9ab-5996-485a-a0c5-b056c2129ce7" testId="76377bb8-9951-ce7d-8547-fef7bce6a585" testName="TestCustomer_UI" computerName="PBOARC11717178" duration="00:00:00.1591935" startTime="2015-04-26T15:28:18.4136816+01:00" endTime="2015-04-26T15:28:18.8587261+01:00" testType="13cdc9d9-ddb5-4fa4-a97d-d965ccfc6d4b" outcome="Failed" testListId="8c84fa94-04c1-424b-9868-57a2d4851a1d" relativeResultsDirectory="7d6bf9ab-5996-485a-a0c5-b056c2129ce7">
      <Output>
        <ErrorInfo>
          <Message>Initialization method OrderMgtTest.UnitTest_CustomerUI.TestInitialise threw exception. System.IndexOutOfRangeException: System.IndexOutOfRangeException: Cannot find table 0..</Message>
          <StackTrace>    at System.Data.DataTableCollection.get_Item(Int32 index)
   at OrderMgt.NewOrderPresenter.Initialise() in U:\My Documents\gregomebije\computer_science\client2\oop\CM0721\OrderMgt\Presenters\NewOrderPresenter.cs:line 34
   at OrderMgt.NewOrderPresenter..ctor(INewOrderGui screen, IOrder order) in U:\My Documents\gregomebije\computer_science\client2\oop\CM0721\OrderMgt\Presenters\NewOrderPresenter.cs:line 26
   at OrderMgtTest.UnitTest_CustomerUI.TestInitialise() in U:\My Documents\gregomebije\computer_science\client2\oop\CM0721\OrderMgtTest\UnitTest_CustomerUI.cs:line 18
</StackTrace>
        </ErrorInfo>
      </Output>
    </UnitTestResult>
  </Results>
</TestRun>