<?xml version="1.0" encoding="UTF-8"?>
<TestRun id="5701dea2-8bce-4b6c-979f-97510884de22" name="w13042894@PBOARC11717178 2015-04-26 15:51:53" runUser="UNN\w13042894" xmlns="http://microsoft.com/schemas/VisualStudio/TeamTest/2010">
  <TestSettings name="Local" id="f9872536-3300-45e2-8d5a-1d6d5e11baff">
    <Description>These are default test settings for a local test run.</Description>
    <Deployment enabled="false" runDeploymentRoot="w13042894_PBOARC11717178 2015-04-26 15_51_53">
      <DeploymentItem filename="U:\My Documents\gregomebije\computer_science\client2\oop\CM0721\OrderMgt\packages\Moq.4.2.1502.0911\lib\net40\Moq.dll" />
      <DeploymentItem filename="U:\My Documents\gregomebije\computer_science\client2\oop\CM0721\OrderMgt\bin\Debug\OrderMgt.exe" />
    </Deployment>
    <Execution>
      <TestTypeSpecific />
      <AgentRule name="Execution Agents">
      </AgentRule>
    </Execution>
  </TestSettings>
  <Times creation="2015-04-26T15:51:53.1415912+01:00" queuing="2015-04-26T15:51:53.2895912+01:00" start="2015-04-26T15:51:53.2965912+01:00" finish="2015-04-26T15:51:53.6575912+01:00" />
  <ResultSummary outcome="Failed">
    <Counters total="1" executed="1" error="0" failed="1" timeout="0" aborted="0" inconclusive="0" passedButRunAborted="0" notRunnable="0" notExecuted="0" disconnected="0" warning="0" passed="0" completed="0" inProgress="0" pending="0" />
  </ResultSummary>
  <TestDefinitions>
    <UnitTest name="TestCustomer_UI" storage="u:\my documents\gregomebije\computer_science\client2\oop\cm0721\ordermgttest\bin\debug\ordermgttest.dll" id="76377bb8-9951-ce7d-8547-fef7bce6a585">
      <Execution id="7cfb27fc-ab46-4187-b44d-7c2667cd6acb" />
      <TestMethod codeBase="U:/My Documents/gregomebije/computer_science/client2/oop/CM0721/OrderMgtTest/bin/Debug/OrderMgtTest.DLL" adapterTypeName="Microsoft.VisualStudio.TestTools.TestTypes.Unit.UnitTestAdapter, Microsoft.VisualStudio.QualityTools.Tips.UnitTest.Adapter, Version=10.0.0.0, Culture=neutral, PublicKeyToken=b03f5f7f11d50a3a" className="OrderMgtTest.UnitTest_CustomerUI, OrderMgtTest, Version=1.0.0.0, Culture=neutral, PublicKeyToken=null" name="TestCustomer_UI" />
    </UnitTest>
  </TestDefinitions>
  <TestLists>
    <TestList name="Results Not in a List" id="8c84fa94-04c1-424b-9868-57a2d4851a1d" />
    <TestList name="All Loaded Results" id="19431567-8539-422a-85d7-44ee4e166bda" />
  </TestLists>
  <TestEntries>
    <TestEntry testId="76377bb8-9951-ce7d-8547-fef7bce6a585" executionId="7cfb27fc-ab46-4187-b44d-7c2667cd6acb" testListId="8c84fa94-04c1-424b-9868-57a2d4851a1d" />
  </TestEntries>
  <Results>
    <UnitTestResult executionId="7cfb27fc-ab46-4187-b44d-7c2667cd6acb" testId="76377bb8-9951-ce7d-8547-fef7bce6a585" testName="TestCustomer_UI" computerName="PBOARC11717178" duration="00:00:00.1042642" startTime="2015-04-26T15:51:53.3295912+01:00" endTime="2015-04-26T15:51:53.6215912+01:00" testType="13cdc9d9-ddb5-4fa4-a97d-d965ccfc6d4b" outcome="Failed" testListId="8c84fa94-04c1-424b-9868-57a2d4851a1d" relativeResultsDirectory="7cfb27fc-ab46-4187-b44d-7c2667cd6acb">
      <Output>
        <ErrorInfo>
          <Message>StringAssert.Contains failed. String 'Address cannot be blank
Parameter name: Address' does not contain string 'Name cannot be blank'. .</Message>
          <StackTrace>   at OrderMgtTest.UnitTest_CustomerUI.TestCustomer_UI() in U:\My Documents\gregomebije\computer_science\client2\oop\CM0721\OrderMgtTest\UnitTest_CustomerUI.cs:line 38
</StackTrace>
        </ErrorInfo>
      </Output>
    </UnitTestResult>
  </Results>
</TestRun>