<?xml version="1.0" encoding="UTF-8"?>
<TestRun id="1607c65a-7a5d-40e7-a9c3-f9e11bc1b6ac" name="w14038320@PBOARC11717178 2015-04-27 08:22:17" runUser="UNN\w14038320" xmlns="http://microsoft.com/schemas/VisualStudio/TeamTest/2010">
  <TestSettings name="Local" id="f9872536-3300-45e2-8d5a-1d6d5e11baff">
    <Description>These are default test settings for a local test run.</Description>
    <Deployment enabled="false" runDeploymentRoot="w14038320_PBOARC11717178 2015-04-27 08_22_17">
      <DeploymentItem filename="U:\GitHub\CM0721\OrderMgt\bin\Debug\OrderMgt.exe" />
      <DeploymentItem filename="U:\GitHub\CM0721\OrderMgt\packages\Moq.4.2.1502.0911\lib\net40\Moq.dll" />
    </Deployment>
    <Execution>
      <TestTypeSpecific />
      <AgentRule name="Execution Agents">
      </AgentRule>
    </Execution>
  </TestSettings>
  <Times creation="2015-04-27T08:22:17.9262157+01:00" queuing="2015-04-27T08:22:19.1223353+01:00" start="2015-04-27T08:22:19.1373368+01:00" finish="2015-04-27T08:22:19.9094140+01:00" />
  <ResultSummary outcome="Failed">
    <Counters total="10" executed="10" passed="8" error="0" failed="2" timeout="0" aborted="0" inconclusive="0" passedButRunAborted="0" notRunnable="0" notExecuted="0" disconnected="0" warning="0" completed="0" inProgress="0" pending="0" />
  </ResultSummary>
  <TestDefinitions>
    <UnitTest name="TestMethod1" storage="u:\github\cm0721\ordermgttest\bin\debug\ordermgttest.dll" id="228edb18-dd4e-0e75-de53-bd2a12d61734">
      <Execution id="994caf6e-0646-4e14-a16e-40c6ca860ba7" />
      <TestMethod codeBase="U:/GitHub/CM0721/OrderMgtTest/bin/Debug/OrderMgtTest.DLL" adapterTypeName="Microsoft.VisualStudio.TestTools.TestTypes.Unit.UnitTestAdapter, Microsoft.VisualStudio.QualityTools.Tips.UnitTest.Adapter, Version=10.0.0.0, Culture=neutral, PublicKeyToken=b03f5f7f11d50a3a" className="OrderMgtTest.UnitTest_CustomerUI, OrderMgtTest, Version=1.0.0.0, Culture=neutral, PublicKeyToken=null" name="TestMethod1" />
    </UnitTest>
    <UnitTest name="TestNewCustomerProperties" storage="u:\github\cm0721\ordermgttest\bin\debug\ordermgttest.dll" id="6bf3745b-d07d-c0fb-a967-f22fb3f1779e">
      <Execution id="6160720f-3cb0-4271-b429-1ef0bd781f67" />
      <TestMethod codeBase="U:/GitHub/CM0721/OrderMgtTest/bin/Debug/OrderMgtTest.DLL" adapterTypeName="Microsoft.VisualStudio.TestTools.TestTypes.Unit.UnitTestAdapter, Microsoft.VisualStudio.QualityTools.Tips.UnitTest.Adapter, Version=10.0.0.0, Culture=neutral, PublicKeyToken=b03f5f7f11d50a3a" className="OrderMgtTest.UnitTest_Customers, OrderMgtTest, Version=1.0.0.0, Culture=neutral, PublicKeyToken=null" name="TestNewCustomerProperties" />
    </UnitTest>
    <UnitTest name="TestSaveEsistingCustomer" storage="u:\github\cm0721\ordermgttest\bin\debug\ordermgttest.dll" id="ab065cf5-b2d1-4ced-0a1e-1f310ae39ec3">
      <Execution id="c3144c53-0d89-4d2e-bca7-4813d4658c12" />
      <TestMethod codeBase="U:/GitHub/CM0721/OrderMgtTest/bin/Debug/OrderMgtTest.DLL" adapterTypeName="Microsoft.VisualStudio.TestTools.TestTypes.Unit.UnitTestAdapter, Microsoft.VisualStudio.QualityTools.Tips.UnitTest.Adapter, Version=10.0.0.0, Culture=neutral, PublicKeyToken=b03f5f7f11d50a3a" className="OrderMgtTest.UnitTest_Customers, OrderMgtTest, Version=1.0.0.0, Culture=neutral, PublicKeyToken=null" name="TestSaveEsistingCustomer" />
    </UnitTest>
    <UnitTest name="TestFactoryBuilding" storage="u:\github\cm0721\ordermgttest\bin\debug\ordermgttest.dll" id="c630fedc-6a96-2d59-7c5c-74b56b0fa827">
      <Execution id="18477934-d2b0-4746-ae98-c2f0d011a970" />
      <TestMethod codeBase="U:/GitHub/CM0721/OrderMgtTest/bin/Debug/OrderMgtTest.DLL" adapterTypeName="Microsoft.VisualStudio.TestTools.TestTypes.Unit.UnitTestAdapter, Microsoft.VisualStudio.QualityTools.Tips.UnitTest.Adapter, Version=10.0.0.0, Culture=neutral, PublicKeyToken=b03f5f7f11d50a3a" className="OrderMgtTest.UnitTest_Buildings, OrderMgtTest, Version=1.0.0.0, Culture=neutral, PublicKeyToken=null" name="TestFactoryBuilding" />
    </UnitTest>
    <UnitTest name="TestCustomer_UI" storage="u:\github\cm0721\ordermgttest\bin\debug\ordermgttest.dll" id="76377bb8-9951-ce7d-8547-fef7bce6a585">
      <Execution id="5b322bb1-19e8-49f4-ba8e-b858df8b1bf2" />
      <TestMethod codeBase="U:/GitHub/CM0721/OrderMgtTest/bin/Debug/OrderMgtTest.DLL" adapterTypeName="Microsoft.VisualStudio.TestTools.TestTypes.Unit.UnitTestAdapter, Microsoft.VisualStudio.QualityTools.Tips.UnitTest.Adapter, Version=10.0.0.0, Culture=neutral, PublicKeyToken=b03f5f7f11d50a3a" className="OrderMgtTest.UnitTest_CustomerUI, OrderMgtTest, Version=1.0.0.0, Culture=neutral, PublicKeyToken=null" name="TestCustomer_UI" />
    </UnitTest>
    <UnitTest name="TestSaveBlankCustomer" storage="u:\github\cm0721\ordermgttest\bin\debug\ordermgttest.dll" id="10f114f7-0ae1-c6eb-e834-977905e4bf3a">
      <Execution id="5e72519b-046c-40fc-8a0a-3d6487d022da" />
      <TestMethod codeBase="U:/GitHub/CM0721/OrderMgtTest/bin/Debug/OrderMgtTest.DLL" adapterTypeName="Microsoft.VisualStudio.TestTools.TestTypes.Unit.UnitTestAdapter, Microsoft.VisualStudio.QualityTools.Tips.UnitTest.Adapter, Version=10.0.0.0, Culture=neutral, PublicKeyToken=b03f5f7f11d50a3a" className="OrderMgtTest.UnitTest_Customers, OrderMgtTest, Version=1.0.0.0, Culture=neutral, PublicKeyToken=null" name="TestSaveBlankCustomer" />
    </UnitTest>
    <UnitTest name="WhenStatusIsPlanningAndStatusNotToBeUpdated" storage="u:\github\cm0721\ordermgttest\bin\debug\ordermgttest.dll" id="7607301f-19b0-0be0-86b3-b6d53e4760f2">
      <Execution id="6989a1ec-1cf3-40a8-baec-6012dd0c0510" />
      <TestMethod codeBase="U:/GitHub/CM0721/OrderMgtTest/bin/Debug/OrderMgtTest.DLL" adapterTypeName="Microsoft.VisualStudio.TestTools.TestTypes.Unit.UnitTestAdapter, Microsoft.VisualStudio.QualityTools.Tips.UnitTest.Adapter, Version=10.0.0.0, Culture=neutral, PublicKeyToken=b03f5f7f11d50a3a" className="OrderMgtTest.UnitTest_OrderManager, OrderMgtTest, Version=1.0.0.0, Culture=neutral, PublicKeyToken=null" name="WhenStatusIsPlanningAndStatusNotToBeUpdated" />
    </UnitTest>
    <UnitTest name="WhenStatusIsPlanningAndStatusIsToBeUpdated" storage="u:\github\cm0721\ordermgttest\bin\debug\ordermgttest.dll" id="d70d2bdb-13b4-6db3-55db-c10f4e1d73dc">
      <Execution id="bfd8642f-9863-43c7-a71a-a557df2d491e" />
      <TestMethod codeBase="U:/GitHub/CM0721/OrderMgtTest/bin/Debug/OrderMgtTest.DLL" adapterTypeName="Microsoft.VisualStudio.TestTools.TestTypes.Unit.UnitTestAdapter, Microsoft.VisualStudio.QualityTools.Tips.UnitTest.Adapter, Version=10.0.0.0, Culture=neutral, PublicKeyToken=b03f5f7f11d50a3a" className="OrderMgtTest.UnitTest_OrderManager, OrderMgtTest, Version=1.0.0.0, Culture=neutral, PublicKeyToken=null" name="WhenStatusIsPlanningAndStatusIsToBeUpdated" />
    </UnitTest>
    <UnitTest name="TestLoadCustomer" storage="u:\github\cm0721\ordermgttest\bin\debug\ordermgttest.dll" id="b4bb03be-fe26-9b5b-4a39-006ec97c94d8">
      <Execution id="8af8e9db-7595-44a3-997b-4f0c4c9b4da4" />
      <TestMethod codeBase="U:/GitHub/CM0721/OrderMgtTest/bin/Debug/OrderMgtTest.DLL" adapterTypeName="Microsoft.VisualStudio.TestTools.TestTypes.Unit.UnitTestAdapter, Microsoft.VisualStudio.QualityTools.Tips.UnitTest.Adapter, Version=10.0.0.0, Culture=neutral, PublicKeyToken=b03f5f7f11d50a3a" className="OrderMgtTest.UnitTest_Customers, OrderMgtTest, Version=1.0.0.0, Culture=neutral, PublicKeyToken=null" name="TestLoadCustomer" />
    </UnitTest>
    <UnitTest name="TestCreateionOfNullBuilding" storage="u:\github\cm0721\ordermgttest\bin\debug\ordermgttest.dll" id="06ee2c56-2a83-d6f3-1024-7ba7c2436e3c">
      <Execution id="b91c1245-f084-4ead-8cf1-eae77ca22c36" />
      <TestMethod codeBase="U:/GitHub/CM0721/OrderMgtTest/bin/Debug/OrderMgtTest.DLL" adapterTypeName="Microsoft.VisualStudio.TestTools.TestTypes.Unit.UnitTestAdapter, Microsoft.VisualStudio.QualityTools.Tips.UnitTest.Adapter, Version=10.0.0.0, Culture=neutral, PublicKeyToken=b03f5f7f11d50a3a" className="OrderMgtTest.UnitTest_Buildings, OrderMgtTest, Version=1.0.0.0, Culture=neutral, PublicKeyToken=null" name="TestCreateionOfNullBuilding" />
    </UnitTest>
  </TestDefinitions>
  <TestLists>
    <TestList name="Results Not in a List" id="8c84fa94-04c1-424b-9868-57a2d4851a1d" />
    <TestList name="All Loaded Results" id="19431567-8539-422a-85d7-44ee4e166bda" />
  </TestLists>
  <TestEntries>
    <TestEntry testId="76377bb8-9951-ce7d-8547-fef7bce6a585" executionId="5b322bb1-19e8-49f4-ba8e-b858df8b1bf2" testListId="8c84fa94-04c1-424b-9868-57a2d4851a1d" />
    <TestEntry testId="228edb18-dd4e-0e75-de53-bd2a12d61734" executionId="994caf6e-0646-4e14-a16e-40c6ca860ba7" testListId="8c84fa94-04c1-424b-9868-57a2d4851a1d" />
    <TestEntry testId="6bf3745b-d07d-c0fb-a967-f22fb3f1779e" executionId="6160720f-3cb0-4271-b429-1ef0bd781f67" testListId="8c84fa94-04c1-424b-9868-57a2d4851a1d" />
    <TestEntry testId="10f114f7-0ae1-c6eb-e834-977905e4bf3a" executionId="5e72519b-046c-40fc-8a0a-3d6487d022da" testListId="8c84fa94-04c1-424b-9868-57a2d4851a1d" />
    <TestEntry testId="b4bb03be-fe26-9b5b-4a39-006ec97c94d8" executionId="8af8e9db-7595-44a3-997b-4f0c4c9b4da4" testListId="8c84fa94-04c1-424b-9868-57a2d4851a1d" />
    <TestEntry testId="ab065cf5-b2d1-4ced-0a1e-1f310ae39ec3" executionId="c3144c53-0d89-4d2e-bca7-4813d4658c12" testListId="8c84fa94-04c1-424b-9868-57a2d4851a1d" />
    <TestEntry testId="d70d2bdb-13b4-6db3-55db-c10f4e1d73dc" executionId="bfd8642f-9863-43c7-a71a-a557df2d491e" testListId="8c84fa94-04c1-424b-9868-57a2d4851a1d" />
    <TestEntry testId="7607301f-19b0-0be0-86b3-b6d53e4760f2" executionId="6989a1ec-1cf3-40a8-baec-6012dd0c0510" testListId="8c84fa94-04c1-424b-9868-57a2d4851a1d" />
    <TestEntry testId="06ee2c56-2a83-d6f3-1024-7ba7c2436e3c" executionId="b91c1245-f084-4ead-8cf1-eae77ca22c36" testListId="8c84fa94-04c1-424b-9868-57a2d4851a1d" />
    <TestEntry testId="c630fedc-6a96-2d59-7c5c-74b56b0fa827" executionId="18477934-d2b0-4746-ae98-c2f0d011a970" testListId="8c84fa94-04c1-424b-9868-57a2d4851a1d" />
  </TestEntries>
  <Results>
    <UnitTestResult executionId="5b322bb1-19e8-49f4-ba8e-b858df8b1bf2" testId="76377bb8-9951-ce7d-8547-fef7bce6a585" testName="TestCustomer_UI" computerName="PBOARC11717178" duration="00:00:00.1184011" startTime="2015-04-27T08:22:19.1613392+01:00" endTime="2015-04-27T08:22:19.5273758+01:00" testType="13cdc9d9-ddb5-4fa4-a97d-d965ccfc6d4b" outcome="Passed" testListId="8c84fa94-04c1-424b-9868-57a2d4851a1d" relativeResultsDirectory="5b322bb1-19e8-49f4-ba8e-b858df8b1bf2">
    </UnitTestResult>
    <UnitTestResult executionId="994caf6e-0646-4e14-a16e-40c6ca860ba7" testId="228edb18-dd4e-0e75-de53-bd2a12d61734" testName="TestMethod1" computerName="PBOARC11717178" duration="00:00:00.0001440" startTime="2015-04-27T08:22:19.5333764+01:00" endTime="2015-04-27T08:22:19.5383769+01:00" testType="13cdc9d9-ddb5-4fa4-a97d-d965ccfc6d4b" outcome="Passed" testListId="8c84fa94-04c1-424b-9868-57a2d4851a1d" relativeResultsDirectory="994caf6e-0646-4e14-a16e-40c6ca860ba7">
    </UnitTestResult>
    <UnitTestResult executionId="6160720f-3cb0-4271-b429-1ef0bd781f67" testId="6bf3745b-d07d-c0fb-a967-f22fb3f1779e" testName="TestNewCustomerProperties" computerName="PBOARC11717178" duration="00:00:00.0005752" startTime="2015-04-27T08:22:19.5443775+01:00" endTime="2015-04-27T08:22:19.5493780+01:00" testType="13cdc9d9-ddb5-4fa4-a97d-d965ccfc6d4b" outcome="Passed" testListId="8c84fa94-04c1-424b-9868-57a2d4851a1d" relativeResultsDirectory="6160720f-3cb0-4271-b429-1ef0bd781f67">
    </UnitTestResult>
    <UnitTestResult executionId="5e72519b-046c-40fc-8a0a-3d6487d022da" testId="10f114f7-0ae1-c6eb-e834-977905e4bf3a" testName="TestSaveBlankCustomer" computerName="PBOARC11717178" duration="00:00:00.0008431" startTime="2015-04-27T08:22:19.5563787+01:00" endTime="2015-04-27T08:22:19.5613792+01:00" testType="13cdc9d9-ddb5-4fa4-a97d-d965ccfc6d4b" outcome="Passed" testListId="8c84fa94-04c1-424b-9868-57a2d4851a1d" relativeResultsDirectory="5e72519b-046c-40fc-8a0a-3d6487d022da">
    </UnitTestResult>
    <UnitTestResult executionId="8af8e9db-7595-44a3-997b-4f0c4c9b4da4" testId="b4bb03be-fe26-9b5b-4a39-006ec97c94d8" testName="TestLoadCustomer" computerName="PBOARC11717178" duration="00:00:00.1334520" startTime="2015-04-27T08:22:19.5683799+01:00" endTime="2015-04-27T08:22:19.7063937+01:00" testType="13cdc9d9-ddb5-4fa4-a97d-d965ccfc6d4b" outcome="Failed" testListId="8c84fa94-04c1-424b-9868-57a2d4851a1d" relativeResultsDirectory="8af8e9db-7595-44a3-997b-4f0c4c9b4da4">
      <Output>
        <ErrorInfo>
          <Message>Test method OrderMgtTest.UnitTest_Customers.TestLoadCustomer threw exception: 
System.Data.OleDb.OleDbException: 'C:\CM0721\OrderMgt\DataBase\OrderMgt.accdb' is not a valid path. Make sure that the path name is spelled correctly and that you are connected to the server on which the file resides.</Message>
          <StackTrace>    at System.Data.OleDb.OleDbConnectionInternal..ctor(OleDbConnectionString constr, OleDbConnection connection)
   at System.Data.OleDb.OleDbConnectionFactory.CreateConnection(DbConnectionOptions options, DbConnectionPoolKey poolKey, Object poolGroupProviderInfo, DbConnectionPool pool, DbConnection owningObject)
   at System.Data.ProviderBase.DbConnectionFactory.CreateConnection(DbConnectionOptions options, DbConnectionPoolKey poolKey, Object poolGroupProviderInfo, DbConnectionPool pool, DbConnection owningConnection, DbConnectionOptions userOptions)
   at System.Data.ProviderBase.DbConnectionFactory.CreateNonPooledConnection(DbConnection owningConnection, DbConnectionPoolGroup poolGroup, DbConnectionOptions userOptions)
   at System.Data.ProviderBase.DbConnectionFactory.TryGetConnection(DbConnection owningConnection, TaskCompletionSource`1 retry, DbConnectionOptions userOptions, DbConnectionInternal oldConnection, DbConnectionInternal&amp; connection)
   at System.Data.ProviderBase.DbConnectionInternal.TryOpenConnectionInternal(DbConnection outerConnection, DbConnectionFactory connectionFactory, TaskCompletionSource`1 retry, DbConnectionOptions userOptions)
   at System.Data.ProviderBase.DbConnectionClosed.TryOpenConnection(DbConnection outerConnection, DbConnectionFactory connectionFactory, TaskCompletionSource`1 retry, DbConnectionOptions userOptions)
   at System.Data.ProviderBase.DbConnectionInternal.OpenConnection(DbConnection outerConnection, DbConnectionFactory connectionFactory)
   at System.Data.OleDb.OleDbConnection.Open()
   at OrderMgt.CustomerGateway.Find(String customerId) in U:\GitHub\CM0721\OrderMgt\DataAccessObjects\CustomerGateway.cs:line 22
   at OrderMgt.Customer.Initialise() in U:\GitHub\CM0721\OrderMgt\BusinessObjects\Customer.cs:line 106
   at OrderMgt.Customer..ctor(String customerId) in U:\GitHub\CM0721\OrderMgt\BusinessObjects\Customer.cs:line 41
   at OrderMgtTest.UnitTest_Customers.TestLoadCustomer() in U:\GitHub\CM0721\OrderMgtTest\UnitTest_Customers.cs:line 43
</StackTrace>
        </ErrorInfo>
      </Output>
    </UnitTestResult>
    <UnitTestResult executionId="c3144c53-0d89-4d2e-bca7-4813d4658c12" testId="ab065cf5-b2d1-4ced-0a1e-1f310ae39ec3" testName="TestSaveEsistingCustomer" computerName="PBOARC11717178" duration="00:00:00.0422579" startTime="2015-04-27T08:22:19.7143945+01:00" endTime="2015-04-27T08:22:19.7694000+01:00" testType="13cdc9d9-ddb5-4fa4-a97d-d965ccfc6d4b" outcome="Failed" testListId="8c84fa94-04c1-424b-9868-57a2d4851a1d" relativeResultsDirectory="c3144c53-0d89-4d2e-bca7-4813d4658c12">
      <Output>
        <ErrorInfo>
          <Message>Test method OrderMgtTest.UnitTest_Customers.TestSaveEsistingCustomer threw exception: 
System.Data.OleDb.OleDbException: 'C:\CM0721\OrderMgt\DataBase\OrderMgt.accdb' is not a valid path. Make sure that the path name is spelled correctly and that you are connected to the server on which the file resides.</Message>
          <StackTrace>    at System.Data.OleDb.OleDbConnectionInternal..ctor(OleDbConnectionString constr, OleDbConnection connection)
   at System.Data.OleDb.OleDbConnectionFactory.CreateConnection(DbConnectionOptions options, DbConnectionPoolKey poolKey, Object poolGroupProviderInfo, DbConnectionPool pool, DbConnection owningObject)
   at System.Data.ProviderBase.DbConnectionFactory.CreateConnection(DbConnectionOptions options, DbConnectionPoolKey poolKey, Object poolGroupProviderInfo, DbConnectionPool pool, DbConnection owningConnection, DbConnectionOptions userOptions)
   at System.Data.ProviderBase.DbConnectionFactory.CreateNonPooledConnection(DbConnection owningConnection, DbConnectionPoolGroup poolGroup, DbConnectionOptions userOptions)
   at System.Data.ProviderBase.DbConnectionFactory.TryGetConnection(DbConnection owningConnection, TaskCompletionSource`1 retry, DbConnectionOptions userOptions, DbConnectionInternal oldConnection, DbConnectionInternal&amp; connection)
   at System.Data.ProviderBase.DbConnectionInternal.TryOpenConnectionInternal(DbConnection outerConnection, DbConnectionFactory connectionFactory, TaskCompletionSource`1 retry, DbConnectionOptions userOptions)
   at System.Data.ProviderBase.DbConnectionClosed.TryOpenConnection(DbConnection outerConnection, DbConnectionFactory connectionFactory, TaskCompletionSource`1 retry, DbConnectionOptions userOptions)
   at System.Data.ProviderBase.DbConnectionInternal.OpenConnection(DbConnection outerConnection, DbConnectionFactory connectionFactory)
   at System.Data.OleDb.OleDbConnection.Open()
   at OrderMgt.CustomerGateway.Find(String customerId) in U:\GitHub\CM0721\OrderMgt\DataAccessObjects\CustomerGateway.cs:line 22
   at OrderMgt.Customer.Initialise() in U:\GitHub\CM0721\OrderMgt\BusinessObjects\Customer.cs:line 106
   at OrderMgt.Customer..ctor(String customerId) in U:\GitHub\CM0721\OrderMgt\BusinessObjects\Customer.cs:line 41
   at OrderMgtTest.UnitTest_Customers.TestSaveEsistingCustomer() in U:\GitHub\CM0721\OrderMgtTest\UnitTest_Customers.cs:line 57
</StackTrace>
        </ErrorInfo>
      </Output>
    </UnitTestResult>
    <UnitTestResult executionId="bfd8642f-9863-43c7-a71a-a557df2d491e" testId="d70d2bdb-13b4-6db3-55db-c10f4e1d73dc" testName="WhenStatusIsPlanningAndStatusIsToBeUpdated" computerName="PBOARC11717178" duration="00:00:00.0038745" startTime="2015-04-27T08:22:19.7864017+01:00" endTime="2015-04-27T08:22:19.8064037+01:00" testType="13cdc9d9-ddb5-4fa4-a97d-d965ccfc6d4b" outcome="Passed" testListId="8c84fa94-04c1-424b-9868-57a2d4851a1d" relativeResultsDirectory="bfd8642f-9863-43c7-a71a-a557df2d491e">
    </UnitTestResult>
    <UnitTestResult executionId="6989a1ec-1cf3-40a8-baec-6012dd0c0510" testId="7607301f-19b0-0be0-86b3-b6d53e4760f2" testName="WhenStatusIsPlanningAndStatusNotToBeUpdated" computerName="PBOARC11717178" duration="00:00:00.0005252" startTime="2015-04-27T08:22:19.8144045+01:00" endTime="2015-04-27T08:22:19.8204051+01:00" testType="13cdc9d9-ddb5-4fa4-a97d-d965ccfc6d4b" outcome="Passed" testListId="8c84fa94-04c1-424b-9868-57a2d4851a1d" relativeResultsDirectory="6989a1ec-1cf3-40a8-baec-6012dd0c0510">
    </UnitTestResult>
    <UnitTestResult executionId="b91c1245-f084-4ead-8cf1-eae77ca22c36" testId="06ee2c56-2a83-d6f3-1024-7ba7c2436e3c" testName="TestCreateionOfNullBuilding" computerName="PBOARC11717178" duration="00:00:00.0003976" startTime="2015-04-27T08:22:19.8484079+01:00" endTime="2015-04-27T08:22:19.8534084+01:00" testType="13cdc9d9-ddb5-4fa4-a97d-d965ccfc6d4b" outcome="Passed" testListId="8c84fa94-04c1-424b-9868-57a2d4851a1d" relativeResultsDirectory="b91c1245-f084-4ead-8cf1-eae77ca22c36">
    </UnitTestResult>
    <UnitTestResult executionId="18477934-d2b0-4746-ae98-c2f0d011a970" testId="c630fedc-6a96-2d59-7c5c-74b56b0fa827" testName="TestFactoryBuilding" computerName="PBOARC11717178" duration="00:00:00.0006049" startTime="2015-04-27T08:22:19.8734104+01:00" endTime="2015-04-27T08:22:19.8794110+01:00" testType="13cdc9d9-ddb5-4fa4-a97d-d965ccfc6d4b" outcome="Passed" testListId="8c84fa94-04c1-424b-9868-57a2d4851a1d" relativeResultsDirectory="18477934-d2b0-4746-ae98-c2f0d011a970">
    </UnitTestResult>
  </Results>
</TestRun>