<?xml version="1.0" encoding="UTF-8"?>
<TestRun id="fd04d42f-0f6f-4667-aa7b-9c3d17bb85d3" name="w14038320@PBOARC11717178 2015-04-26 16:43:30" runUser="UNN\w14038320" xmlns="http://microsoft.com/schemas/VisualStudio/TeamTest/2010">
  <TestSettings name="Local" id="f9872536-3300-45e2-8d5a-1d6d5e11baff">
    <Description>These are default test settings for a local test run.</Description>
    <Deployment enabled="false" runDeploymentRoot="w14038320_PBOARC11717178 2015-04-26 16_43_30">
      <DeploymentItem filename="U:\GitHub\CM0721\OrderMgt\bin\Debug\OrderMgt.exe" />
      <DeploymentItem filename="U:\GitHub\CM0721\OrderMgt\packages\Moq.4.2.1502.0911\lib\net40\Moq.dll" />
    </Deployment>
    <Execution>
      <TestTypeSpecific />
      <AgentRule name="Execution Agents">
      </AgentRule>
    </Execution>
  </TestSettings>
  <Times creation="2015-04-26T16:43:30.7741993+01:00" queuing="2015-04-26T16:43:32.9711993+01:00" start="2015-04-26T16:43:33.1111993+01:00" finish="2015-04-26T16:43:33.7961993+01:00" />
  <ResultSummary outcome="Completed">
    <Counters total="1" executed="1" passed="1" error="0" failed="0" timeout="0" aborted="0" inconclusive="0" passedButRunAborted="0" notRunnable="0" notExecuted="0" disconnected="0" warning="0" completed="0" inProgress="0" pending="0" />
  </ResultSummary>
  <TestDefinitions>
    <UnitTest name="TestCustomer_UI" storage="u:\github\cm0721\ordermgttest\bin\debug\ordermgttest.dll" id="76377bb8-9951-ce7d-8547-fef7bce6a585">
      <Execution id="6dd37f69-29b2-4bb1-893b-7e45e16a7bed" />
      <TestMethod codeBase="U:/GitHub/CM0721/OrderMgtTest/bin/Debug/OrderMgtTest.DLL" adapterTypeName="Microsoft.VisualStudio.TestTools.TestTypes.Unit.UnitTestAdapter, Microsoft.VisualStudio.QualityTools.Tips.UnitTest.Adapter, Version=10.0.0.0, Culture=neutral, PublicKeyToken=b03f5f7f11d50a3a" className="OrderMgtTest.UnitTest_CustomerUI, OrderMgtTest, Version=1.0.0.0, Culture=neutral, PublicKeyToken=null" name="TestCustomer_UI" />
    </UnitTest>
  </TestDefinitions>
  <TestLists>
    <TestList name="Results Not in a List" id="8c84fa94-04c1-424b-9868-57a2d4851a1d" />
    <TestList name="All Loaded Results" id="19431567-8539-422a-85d7-44ee4e166bda" />
  </TestLists>
  <TestEntries>
    <TestEntry testId="76377bb8-9951-ce7d-8547-fef7bce6a585" executionId="6dd37f69-29b2-4bb1-893b-7e45e16a7bed" testListId="8c84fa94-04c1-424b-9868-57a2d4851a1d" />
  </TestEntries>
  <Results>
    <UnitTestResult executionId="6dd37f69-29b2-4bb1-893b-7e45e16a7bed" testId="76377bb8-9951-ce7d-8547-fef7bce6a585" testName="TestCustomer_UI" computerName="PBOARC11717178" duration="00:00:00.0956446" startTime="2015-04-26T16:43:33.1991993+01:00" endTime="2015-04-26T16:43:33.7241993+01:00" testType="13cdc9d9-ddb5-4fa4-a97d-d965ccfc6d4b" outcome="Passed" testListId="8c84fa94-04c1-424b-9868-57a2d4851a1d" relativeResultsDirectory="6dd37f69-29b2-4bb1-893b-7e45e16a7bed">
    </UnitTestResult>
  </Results>
</TestRun>