<?xml version="1.0" encoding="UTF-8"?>
<TestRun id="01eb0352-7956-4aef-8456-8b7255ec78c3" name="w14038320@PBOARC11717178 2015-04-27 08:22:59" runUser="UNN\w14038320" xmlns="http://microsoft.com/schemas/VisualStudio/TeamTest/2010">
  <TestSettings name="Local" id="f9872536-3300-45e2-8d5a-1d6d5e11baff">
    <Description>These are default test settings for a local test run.</Description>
    <Deployment enabled="false" runDeploymentRoot="w14038320_PBOARC11717178 2015-04-27 08_22_59">
      <DeploymentItem filename="U:\GitHub\CM0721\OrderMgt\bin\Debug\OrderMgt.exe" />
      <DeploymentItem filename="U:\GitHub\CM0721\OrderMgt\packages\Moq.4.2.1502.0911\lib\net40\Moq.dll" />
    </Deployment>
    <Execution>
      <TestTypeSpecific />
      <AgentRule name="Execution Agents">
      </AgentRule>
    </Execution>
  </TestSettings>
  <Times creation="2015-04-27T08:22:59.4783705+01:00" queuing="2015-04-27T08:23:00.8465073+01:00" start="2015-04-27T08:23:00.9545181+01:00" finish="2015-04-27T08:23:01.6625889+01:00" />
  <ResultSummary outcome="Failed">
    <Counters total="10" executed="10" passed="8" error="0" failed="2" timeout="0" aborted="0" inconclusive="0" passedButRunAborted="0" notRunnable="0" notExecuted="0" disconnected="0" warning="0" completed="0" inProgress="0" pending="0" />
  </ResultSummary>
  <TestDefinitions>
    <UnitTest name="TestMethod1" storage="u:\github\cm0721\ordermgttest\bin\debug\ordermgttest.dll" id="228edb18-dd4e-0e75-de53-bd2a12d61734">
      <Execution id="fa5fbb59-2add-4bae-9c57-8c58824e93f9" />
      <TestMethod codeBase="U:/GitHub/CM0721/OrderMgtTest/bin/Debug/OrderMgtTest.DLL" adapterTypeName="Microsoft.VisualStudio.TestTools.TestTypes.Unit.UnitTestAdapter, Microsoft.VisualStudio.QualityTools.Tips.UnitTest.Adapter, Version=10.0.0.0, Culture=neutral, PublicKeyToken=b03f5f7f11d50a3a" className="OrderMgtTest.UnitTest_CustomerUI, OrderMgtTest, Version=1.0.0.0, Culture=neutral, PublicKeyToken=null" name="TestMethod1" />
    </UnitTest>
    <UnitTest name="TestNewCustomerProperties" storage="u:\github\cm0721\ordermgttest\bin\debug\ordermgttest.dll" id="6bf3745b-d07d-c0fb-a967-f22fb3f1779e">
      <Execution id="1ea7604a-f144-4473-a502-d40e5a46e376" />
      <TestMethod codeBase="U:/GitHub/CM0721/OrderMgtTest/bin/Debug/OrderMgtTest.DLL" adapterTypeName="Microsoft.VisualStudio.TestTools.TestTypes.Unit.UnitTestAdapter, Microsoft.VisualStudio.QualityTools.Tips.UnitTest.Adapter, Version=10.0.0.0, Culture=neutral, PublicKeyToken=b03f5f7f11d50a3a" className="OrderMgtTest.UnitTest_Customers, OrderMgtTest, Version=1.0.0.0, Culture=neutral, PublicKeyToken=null" name="TestNewCustomerProperties" />
    </UnitTest>
    <UnitTest name="TestSaveEsistingCustomer" storage="u:\github\cm0721\ordermgttest\bin\debug\ordermgttest.dll" id="ab065cf5-b2d1-4ced-0a1e-1f310ae39ec3">
      <Execution id="405902de-03db-4c97-afef-57a5b9ac5d57" />
      <TestMethod codeBase="U:/GitHub/CM0721/OrderMgtTest/bin/Debug/OrderMgtTest.DLL" adapterTypeName="Microsoft.VisualStudio.TestTools.TestTypes.Unit.UnitTestAdapter, Microsoft.VisualStudio.QualityTools.Tips.UnitTest.Adapter, Version=10.0.0.0, Culture=neutral, PublicKeyToken=b03f5f7f11d50a3a" className="OrderMgtTest.UnitTest_Customers, OrderMgtTest, Version=1.0.0.0, Culture=neutral, PublicKeyToken=null" name="TestSaveEsistingCustomer" />
    </UnitTest>
    <UnitTest name="TestFactoryBuilding" storage="u:\github\cm0721\ordermgttest\bin\debug\ordermgttest.dll" id="c630fedc-6a96-2d59-7c5c-74b56b0fa827">
      <Execution id="af778561-3755-4e7a-bae0-12dce916a17e" />
      <TestMethod codeBase="U:/GitHub/CM0721/OrderMgtTest/bin/Debug/OrderMgtTest.DLL" adapterTypeName="Microsoft.VisualStudio.TestTools.TestTypes.Unit.UnitTestAdapter, Microsoft.VisualStudio.QualityTools.Tips.UnitTest.Adapter, Version=10.0.0.0, Culture=neutral, PublicKeyToken=b03f5f7f11d50a3a" className="OrderMgtTest.UnitTest_Buildings, OrderMgtTest, Version=1.0.0.0, Culture=neutral, PublicKeyToken=null" name="TestFactoryBuilding" />
    </UnitTest>
    <UnitTest name="TestCustomer_UI" storage="u:\github\cm0721\ordermgttest\bin\debug\ordermgttest.dll" id="76377bb8-9951-ce7d-8547-fef7bce6a585">
      <Execution id="d9c876b5-7e9b-42ca-b9e6-9089c5a560cd" />
      <TestMethod codeBase="U:/GitHub/CM0721/OrderMgtTest/bin/Debug/OrderMgtTest.DLL" adapterTypeName="Microsoft.VisualStudio.TestTools.TestTypes.Unit.UnitTestAdapter, Microsoft.VisualStudio.QualityTools.Tips.UnitTest.Adapter, Version=10.0.0.0, Culture=neutral, PublicKeyToken=b03f5f7f11d50a3a" className="OrderMgtTest.UnitTest_CustomerUI, OrderMgtTest, Version=1.0.0.0, Culture=neutral, PublicKeyToken=null" name="TestCustomer_UI" />
    </UnitTest>
    <UnitTest name="TestSaveBlankCustomer" storage="u:\github\cm0721\ordermgttest\bin\debug\ordermgttest.dll" id="10f114f7-0ae1-c6eb-e834-977905e4bf3a">
      <Execution id="18180caf-b7e7-40b7-9b4b-d190fcd4ab22" />
      <TestMethod codeBase="U:/GitHub/CM0721/OrderMgtTest/bin/Debug/OrderMgtTest.DLL" adapterTypeName="Microsoft.VisualStudio.TestTools.TestTypes.Unit.UnitTestAdapter, Microsoft.VisualStudio.QualityTools.Tips.UnitTest.Adapter, Version=10.0.0.0, Culture=neutral, PublicKeyToken=b03f5f7f11d50a3a" className="OrderMgtTest.UnitTest_Customers, OrderMgtTest, Version=1.0.0.0, Culture=neutral, PublicKeyToken=null" name="TestSaveBlankCustomer" />
    </UnitTest>
    <UnitTest name="WhenStatusIsPlanningAndStatusNotToBeUpdated" storage="u:\github\cm0721\ordermgttest\bin\debug\ordermgttest.dll" id="7607301f-19b0-0be0-86b3-b6d53e4760f2">
      <Execution id="8e78df85-ab70-4ea5-be24-5cfa147f015e" />
      <TestMethod codeBase="U:/GitHub/CM0721/OrderMgtTest/bin/Debug/OrderMgtTest.DLL" adapterTypeName="Microsoft.VisualStudio.TestTools.TestTypes.Unit.UnitTestAdapter, Microsoft.VisualStudio.QualityTools.Tips.UnitTest.Adapter, Version=10.0.0.0, Culture=neutral, PublicKeyToken=b03f5f7f11d50a3a" className="OrderMgtTest.UnitTest_OrderManager, OrderMgtTest, Version=1.0.0.0, Culture=neutral, PublicKeyToken=null" name="WhenStatusIsPlanningAndStatusNotToBeUpdated" />
    </UnitTest>
    <UnitTest name="WhenStatusIsPlanningAndStatusIsToBeUpdated" storage="u:\github\cm0721\ordermgttest\bin\debug\ordermgttest.dll" id="d70d2bdb-13b4-6db3-55db-c10f4e1d73dc">
      <Execution id="737bd05d-07c1-43d5-8e15-27b54ce026a5" />
      <TestMethod codeBase="U:/GitHub/CM0721/OrderMgtTest/bin/Debug/OrderMgtTest.DLL" adapterTypeName="Microsoft.VisualStudio.TestTools.TestTypes.Unit.UnitTestAdapter, Microsoft.VisualStudio.QualityTools.Tips.UnitTest.Adapter, Version=10.0.0.0, Culture=neutral, PublicKeyToken=b03f5f7f11d50a3a" className="OrderMgtTest.UnitTest_OrderManager, OrderMgtTest, Version=1.0.0.0, Culture=neutral, PublicKeyToken=null" name="WhenStatusIsPlanningAndStatusIsToBeUpdated" />
    </UnitTest>
    <UnitTest name="TestLoadCustomer" storage="u:\github\cm0721\ordermgttest\bin\debug\ordermgttest.dll" id="b4bb03be-fe26-9b5b-4a39-006ec97c94d8">
      <Execution id="fcc4a466-28dc-41fb-9c1b-22ee81123880" />
      <TestMethod codeBase="U:/GitHub/CM0721/OrderMgtTest/bin/Debug/OrderMgtTest.DLL" adapterTypeName="Microsoft.VisualStudio.TestTools.TestTypes.Unit.UnitTestAdapter, Microsoft.VisualStudio.QualityTools.Tips.UnitTest.Adapter, Version=10.0.0.0, Culture=neutral, PublicKeyToken=b03f5f7f11d50a3a" className="OrderMgtTest.UnitTest_Customers, OrderMgtTest, Version=1.0.0.0, Culture=neutral, PublicKeyToken=null" name="TestLoadCustomer" />
    </UnitTest>
    <UnitTest name="TestCreateionOfNullBuilding" storage="u:\github\cm0721\ordermgttest\bin\debug\ordermgttest.dll" id="06ee2c56-2a83-d6f3-1024-7ba7c2436e3c">
      <Execution id="e416ea94-be12-43c3-9b33-f232817d2a31" />
      <TestMethod codeBase="U:/GitHub/CM0721/OrderMgtTest/bin/Debug/OrderMgtTest.DLL" adapterTypeName="Microsoft.VisualStudio.TestTools.TestTypes.Unit.UnitTestAdapter, Microsoft.VisualStudio.QualityTools.Tips.UnitTest.Adapter, Version=10.0.0.0, Culture=neutral, PublicKeyToken=b03f5f7f11d50a3a" className="OrderMgtTest.UnitTest_Buildings, OrderMgtTest, Version=1.0.0.0, Culture=neutral, PublicKeyToken=null" name="TestCreateionOfNullBuilding" />
    </UnitTest>
  </TestDefinitions>
  <TestLists>
    <TestList name="Results Not in a List" id="8c84fa94-04c1-424b-9868-57a2d4851a1d" />
    <TestList name="All Loaded Results" id="19431567-8539-422a-85d7-44ee4e166bda" />
  </TestLists>
  <TestEntries>
    <TestEntry testId="10f114f7-0ae1-c6eb-e834-977905e4bf3a" executionId="18180caf-b7e7-40b7-9b4b-d190fcd4ab22" testListId="8c84fa94-04c1-424b-9868-57a2d4851a1d" />
    <TestEntry testId="6bf3745b-d07d-c0fb-a967-f22fb3f1779e" executionId="1ea7604a-f144-4473-a502-d40e5a46e376" testListId="8c84fa94-04c1-424b-9868-57a2d4851a1d" />
    <TestEntry testId="76377bb8-9951-ce7d-8547-fef7bce6a585" executionId="d9c876b5-7e9b-42ca-b9e6-9089c5a560cd" testListId="8c84fa94-04c1-424b-9868-57a2d4851a1d" />
    <TestEntry testId="7607301f-19b0-0be0-86b3-b6d53e4760f2" executionId="8e78df85-ab70-4ea5-be24-5cfa147f015e" testListId="8c84fa94-04c1-424b-9868-57a2d4851a1d" />
    <TestEntry testId="b4bb03be-fe26-9b5b-4a39-006ec97c94d8" executionId="fcc4a466-28dc-41fb-9c1b-22ee81123880" testListId="8c84fa94-04c1-424b-9868-57a2d4851a1d" />
    <TestEntry testId="228edb18-dd4e-0e75-de53-bd2a12d61734" executionId="fa5fbb59-2add-4bae-9c57-8c58824e93f9" testListId="8c84fa94-04c1-424b-9868-57a2d4851a1d" />
    <TestEntry testId="ab065cf5-b2d1-4ced-0a1e-1f310ae39ec3" executionId="405902de-03db-4c97-afef-57a5b9ac5d57" testListId="8c84fa94-04c1-424b-9868-57a2d4851a1d" />
    <TestEntry testId="c630fedc-6a96-2d59-7c5c-74b56b0fa827" executionId="af778561-3755-4e7a-bae0-12dce916a17e" testListId="8c84fa94-04c1-424b-9868-57a2d4851a1d" />
    <TestEntry testId="d70d2bdb-13b4-6db3-55db-c10f4e1d73dc" executionId="737bd05d-07c1-43d5-8e15-27b54ce026a5" testListId="8c84fa94-04c1-424b-9868-57a2d4851a1d" />
    <TestEntry testId="06ee2c56-2a83-d6f3-1024-7ba7c2436e3c" executionId="e416ea94-be12-43c3-9b33-f232817d2a31" testListId="8c84fa94-04c1-424b-9868-57a2d4851a1d" />
  </TestEntries>
  <Results>
    <UnitTestResult executionId="18180caf-b7e7-40b7-9b4b-d190fcd4ab22" testId="10f114f7-0ae1-c6eb-e834-977905e4bf3a" testName="TestSaveBlankCustomer" computerName="PBOARC11717178" duration="00:00:00.0697218" startTime="2015-04-27T08:23:00.9815208+01:00" endTime="2015-04-27T08:23:01.2705497+01:00" testType="13cdc9d9-ddb5-4fa4-a97d-d965ccfc6d4b" outcome="Passed" testListId="8c84fa94-04c1-424b-9868-57a2d4851a1d" relativeResultsDirectory="18180caf-b7e7-40b7-9b4b-d190fcd4ab22">
    </UnitTestResult>
    <UnitTestResult executionId="1ea7604a-f144-4473-a502-d40e5a46e376" testId="6bf3745b-d07d-c0fb-a967-f22fb3f1779e" testName="TestNewCustomerProperties" computerName="PBOARC11717178" duration="00:00:00.0004995" startTime="2015-04-27T08:23:01.2775504+01:00" endTime="2015-04-27T08:23:01.2825509+01:00" testType="13cdc9d9-ddb5-4fa4-a97d-d965ccfc6d4b" outcome="Passed" testListId="8c84fa94-04c1-424b-9868-57a2d4851a1d" relativeResultsDirectory="1ea7604a-f144-4473-a502-d40e5a46e376">
    </UnitTestResult>
    <UnitTestResult executionId="d9c876b5-7e9b-42ca-b9e6-9089c5a560cd" testId="76377bb8-9951-ce7d-8547-fef7bce6a585" testName="TestCustomer_UI" computerName="PBOARC11717178" duration="00:00:00.0111298" startTime="2015-04-27T08:23:01.2905517+01:00" endTime="2015-04-27T08:23:01.3055532+01:00" testType="13cdc9d9-ddb5-4fa4-a97d-d965ccfc6d4b" outcome="Passed" testListId="8c84fa94-04c1-424b-9868-57a2d4851a1d" relativeResultsDirectory="d9c876b5-7e9b-42ca-b9e6-9089c5a560cd">
    </UnitTestResult>
    <UnitTestResult executionId="8e78df85-ab70-4ea5-be24-5cfa147f015e" testId="7607301f-19b0-0be0-86b3-b6d53e4760f2" testName="WhenStatusIsPlanningAndStatusNotToBeUpdated" computerName="PBOARC11717178" duration="00:00:00.0030368" startTime="2015-04-27T08:23:01.3125539+01:00" endTime="2015-04-27T08:23:01.3205547+01:00" testType="13cdc9d9-ddb5-4fa4-a97d-d965ccfc6d4b" outcome="Passed" testListId="8c84fa94-04c1-424b-9868-57a2d4851a1d" relativeResultsDirectory="8e78df85-ab70-4ea5-be24-5cfa147f015e">
    </UnitTestResult>
    <UnitTestResult executionId="fcc4a466-28dc-41fb-9c1b-22ee81123880" testId="b4bb03be-fe26-9b5b-4a39-006ec97c94d8" testName="TestLoadCustomer" computerName="PBOARC11717178" duration="00:00:00.0836805" startTime="2015-04-27T08:23:01.3265553+01:00" endTime="2015-04-27T08:23:01.4135640+01:00" testType="13cdc9d9-ddb5-4fa4-a97d-d965ccfc6d4b" outcome="Failed" testListId="8c84fa94-04c1-424b-9868-57a2d4851a1d" relativeResultsDirectory="fcc4a466-28dc-41fb-9c1b-22ee81123880">
      <Output>
        <ErrorInfo>
          <Message>Test method OrderMgtTest.UnitTest_Customers.TestLoadCustomer threw exception: 
System.Data.OleDb.OleDbException: 'C:\CM0721\OrderMgt\DataBase\OrderMgt.accdb' is not a valid path. Make sure that the path name is spelled correctly and that you are connected to the server on which the file resides.</Message>
          <StackTrace>    at System.Data.OleDb.OleDbConnectionInternal..ctor(OleDbConnectionString constr, OleDbConnection connection)
   at System.Data.OleDb.OleDbConnectionFactory.CreateConnection(DbConnectionOptions options, DbConnectionPoolKey poolKey, Object poolGroupProviderInfo, DbConnectionPool pool, DbConnection owningObject)
   at System.Data.ProviderBase.DbConnectionFactory.CreateConnection(DbConnectionOptions options, DbConnectionPoolKey poolKey, Object poolGroupProviderInfo, DbConnectionPool pool, DbConnection owningConnection, DbConnectionOptions userOptions)
   at System.Data.ProviderBase.DbConnectionFactory.CreateNonPooledConnection(DbConnection owningConnection, DbConnectionPoolGroup poolGroup, DbConnectionOptions userOptions)
   at System.Data.ProviderBase.DbConnectionFactory.TryGetConnection(DbConnection owningConnection, TaskCompletionSource`1 retry, DbConnectionOptions userOptions, DbConnectionInternal oldConnection, DbConnectionInternal&amp; connection)
   at System.Data.ProviderBase.DbConnectionInternal.TryOpenConnectionInternal(DbConnection outerConnection, DbConnectionFactory connectionFactory, TaskCompletionSource`1 retry, DbConnectionOptions userOptions)
   at System.Data.ProviderBase.DbConnectionClosed.TryOpenConnection(DbConnection outerConnection, DbConnectionFactory connectionFactory, TaskCompletionSource`1 retry, DbConnectionOptions userOptions)
   at System.Data.ProviderBase.DbConnectionInternal.OpenConnection(DbConnection outerConnection, DbConnectionFactory connectionFactory)
   at System.Data.OleDb.OleDbConnection.Open()
   at OrderMgt.CustomerGateway.Find(String customerId) in U:\GitHub\CM0721\OrderMgt\DataAccessObjects\CustomerGateway.cs:line 22
   at OrderMgt.Customer.Initialise() in U:\GitHub\CM0721\OrderMgt\BusinessObjects\Customer.cs:line 106
   at OrderMgt.Customer..ctor(String customerId) in U:\GitHub\CM0721\OrderMgt\BusinessObjects\Customer.cs:line 41
   at OrderMgtTest.UnitTest_Customers.TestLoadCustomer() in U:\GitHub\CM0721\OrderMgtTest\UnitTest_Customers.cs:line 43
</StackTrace>
        </ErrorInfo>
      </Output>
    </UnitTestResult>
    <UnitTestResult executionId="fa5fbb59-2add-4bae-9c57-8c58824e93f9" testId="228edb18-dd4e-0e75-de53-bd2a12d61734" testName="TestMethod1" computerName="PBOARC11717178" duration="00:00:00.0030933" startTime="2015-04-27T08:23:01.4535680+01:00" endTime="2015-04-27T08:23:01.4605687+01:00" testType="13cdc9d9-ddb5-4fa4-a97d-d965ccfc6d4b" outcome="Passed" testListId="8c84fa94-04c1-424b-9868-57a2d4851a1d" relativeResultsDirectory="fa5fbb59-2add-4bae-9c57-8c58824e93f9">
    </UnitTestResult>
    <UnitTestResult executionId="405902de-03db-4c97-afef-57a5b9ac5d57" testId="ab065cf5-b2d1-4ced-0a1e-1f310ae39ec3" testName="TestSaveEsistingCustomer" computerName="PBOARC11717178" duration="00:00:00.0379416" startTime="2015-04-27T08:23:01.4715698+01:00" endTime="2015-04-27T08:23:01.5185745+01:00" testType="13cdc9d9-ddb5-4fa4-a97d-d965ccfc6d4b" outcome="Failed" testListId="8c84fa94-04c1-424b-9868-57a2d4851a1d" relativeResultsDirectory="405902de-03db-4c97-afef-57a5b9ac5d57">
      <Output>
        <ErrorInfo>
          <Message>Test method OrderMgtTest.UnitTest_Customers.TestSaveEsistingCustomer threw exception: 
System.Data.OleDb.OleDbException: 'C:\CM0721\OrderMgt\DataBase\OrderMgt.accdb' is not a valid path. Make sure that the path name is spelled correctly and that you are connected to the server on which the file resides.</Message>
          <StackTrace>    at System.Data.OleDb.OleDbConnectionInternal..ctor(OleDbConnectionString constr, OleDbConnection connection)
   at System.Data.OleDb.OleDbConnectionFactory.CreateConnection(DbConnectionOptions options, DbConnectionPoolKey poolKey, Object poolGroupProviderInfo, DbConnectionPool pool, DbConnection owningObject)
   at System.Data.ProviderBase.DbConnectionFactory.CreateConnection(DbConnectionOptions options, DbConnectionPoolKey poolKey, Object poolGroupProviderInfo, DbConnectionPool pool, DbConnection owningConnection, DbConnectionOptions userOptions)
   at System.Data.ProviderBase.DbConnectionFactory.CreateNonPooledConnection(DbConnection owningConnection, DbConnectionPoolGroup poolGroup, DbConnectionOptions userOptions)
   at System.Data.ProviderBase.DbConnectionFactory.TryGetConnection(DbConnection owningConnection, TaskCompletionSource`1 retry, DbConnectionOptions userOptions, DbConnectionInternal oldConnection, DbConnectionInternal&amp; connection)
   at System.Data.ProviderBase.DbConnectionInternal.TryOpenConnectionInternal(DbConnection outerConnection, DbConnectionFactory connectionFactory, TaskCompletionSource`1 retry, DbConnectionOptions userOptions)
   at System.Data.ProviderBase.DbConnectionClosed.TryOpenConnection(DbConnection outerConnection, DbConnectionFactory connectionFactory, TaskCompletionSource`1 retry, DbConnectionOptions userOptions)
   at System.Data.ProviderBase.DbConnectionInternal.OpenConnection(DbConnection outerConnection, DbConnectionFactory connectionFactory)
   at System.Data.OleDb.OleDbConnection.Open()
   at OrderMgt.CustomerGateway.Find(String customerId) in U:\GitHub\CM0721\OrderMgt\DataAccessObjects\CustomerGateway.cs:line 22
   at OrderMgt.Customer.Initialise() in U:\GitHub\CM0721\OrderMgt\BusinessObjects\Customer.cs:line 106
   at OrderMgt.Customer..ctor(String customerId) in U:\GitHub\CM0721\OrderMgt\BusinessObjects\Customer.cs:line 41
   at OrderMgtTest.UnitTest_Customers.TestSaveEsistingCustomer() in U:\GitHub\CM0721\OrderMgtTest\UnitTest_Customers.cs:line 57
</StackTrace>
        </ErrorInfo>
      </Output>
    </UnitTestResult>
    <UnitTestResult executionId="af778561-3755-4e7a-bae0-12dce916a17e" testId="c630fedc-6a96-2d59-7c5c-74b56b0fa827" testName="TestFactoryBuilding" computerName="PBOARC11717178" duration="00:00:00.0008800" startTime="2015-04-27T08:23:01.5335760+01:00" endTime="2015-04-27T08:23:01.5385765+01:00" testType="13cdc9d9-ddb5-4fa4-a97d-d965ccfc6d4b" outcome="Passed" testListId="8c84fa94-04c1-424b-9868-57a2d4851a1d" relativeResultsDirectory="af778561-3755-4e7a-bae0-12dce916a17e">
    </UnitTestResult>
    <UnitTestResult executionId="737bd05d-07c1-43d5-8e15-27b54ce026a5" testId="d70d2bdb-13b4-6db3-55db-c10f4e1d73dc" testName="WhenStatusIsPlanningAndStatusIsToBeUpdated" computerName="PBOARC11717178" duration="00:00:00.0003452" startTime="2015-04-27T08:23:01.5465773+01:00" endTime="2015-04-27T08:23:01.5515778+01:00" testType="13cdc9d9-ddb5-4fa4-a97d-d965ccfc6d4b" outcome="Passed" testListId="8c84fa94-04c1-424b-9868-57a2d4851a1d" relativeResultsDirectory="737bd05d-07c1-43d5-8e15-27b54ce026a5">
    </UnitTestResult>
    <UnitTestResult executionId="e416ea94-be12-43c3-9b33-f232817d2a31" testId="06ee2c56-2a83-d6f3-1024-7ba7c2436e3c" testName="TestCreateionOfNullBuilding" computerName="PBOARC11717178" duration="00:00:00.0043946" startTime="2015-04-27T08:23:01.5595786+01:00" endTime="2015-04-27T08:23:01.5695796+01:00" testType="13cdc9d9-ddb5-4fa4-a97d-d965ccfc6d4b" outcome="Passed" testListId="8c84fa94-04c1-424b-9868-57a2d4851a1d" relativeResultsDirectory="e416ea94-be12-43c3-9b33-f232817d2a31">
    </UnitTestResult>
  </Results>
</TestRun>